Mon Mar 23 08:00:01 UTC 2015  Neo4j is running fine.
Mon Mar 23 08:30:01 UTC 2015  Neo4j is running fine.
Mon Mar 23 09:00:01 UTC 2015  Neo4j is running fine.
Mon Mar 23 09:30:01 UTC 2015  Neo4j is running fine.
Mon Mar 23 10:00:01 UTC 2015  Neo4j is running fine.
Mon Mar 23 10:30:01 UTC 2015  Neo4j is running fine.
Mon Mar 23 11:00:01 UTC 2015  Neo4j is running fine.
Mon Mar 23 11:30:01 UTC 2015  Neo4j is running fine.
Mon Mar 23 12:00:01 UTC 2015  Neo4j is running fine.
Mon Mar 23 12:30:01 UTC 2015  Neo4j is running fine.
Mon Mar 23 13:00:01 UTC 2015  Neo4j is NOT running, restarting.
WARNING: Max 1024 open files allowed, minimum of 40 000 recommended. See the Neo4j manual.
Using additional JVM arguments:  -server -XX:+DisableExplicitGC -Dorg.neo4j.server.properties=conf/neo4j-server.properties -Djava.util.logging.config.file=conf/logging.properties -Dlog4j.configuration=file:conf/log4j.properties -XX:+UseConcMarkSweepGC -XX:+CMSClassUnloadingEnabled
Starting Neo4j Server...WARNING: not changing user
process [28387]... waiting for server to be ready............... OK.
http://localhost:7474/ is ready.
Mon Mar 23 13:30:01 UTC 2015  Neo4j is running fine.
Mon Mar 23 14:00:01 UTC 2015  Neo4j is running fine.
Mon Mar 23 14:30:01 UTC 2015  Neo4j is running fine.
Mon Mar 23 15:00:01 UTC 2015  Neo4j is running fine.
Mon Mar 23 15:30:01 UTC 2015  Neo4j is running fine.
Mon Mar 23 16:00:01 UTC 2015  Neo4j is running fine.
Mon Mar 23 16:30:01 UTC 2015  Neo4j is running fine.
Mon Mar 23 17:00:01 UTC 2015  Neo4j is running fine.
Mon Mar 23 17:30:01 UTC 2015  Neo4j is running fine.
Mon Mar 23 18:00:01 UTC 2015  Neo4j is running fine.
Mon Mar 23 18:30:01 UTC 2015  Neo4j is running fine.
Mon Mar 23 19:00:01 UTC 2015  Neo4j is running fine.
Mon Mar 23 19:30:01 UTC 2015  Neo4j is running fine.
Mon Mar 23 20:00:01 UTC 2015  Neo4j is running fine.
Mon Mar 23 20:30:01 UTC 2015  Neo4j is running fine.
Mon Mar 23 21:00:01 UTC 2015  Neo4j is running fine.
Mon Mar 23 21:30:01 UTC 2015  Neo4j is running fine.
Mon Mar 23 22:00:01 UTC 2015  Neo4j is running fine.
Mon Mar 23 22:30:01 UTC 2015  Neo4j is running fine.
Mon Mar 23 23:00:02 UTC 2015  Neo4j is running fine.
Mon Mar 23 23:30:02 UTC 2015  Neo4j is running fine.
Tue Mar 24 00:00:01 UTC 2015  Neo4j is running fine.
Tue Mar 24 00:30:01 UTC 2015  Neo4j is running fine.
Tue Mar 24 01:00:01 UTC 2015  Neo4j is running fine.
Tue Mar 24 01:30:01 UTC 2015  Neo4j is running fine.
Tue Mar 24 02:00:01 UTC 2015  Neo4j is running fine.
Tue Mar 24 02:30:01 UTC 2015  Neo4j is running fine.
Tue Mar 24 03:00:02 UTC 2015  Neo4j is running fine.
Tue Mar 24 03:30:01 UTC 2015  Neo4j is running fine.
Tue Mar 24 04:00:01 UTC 2015  Neo4j is NOT running, restarting.
WARNING: Max 1024 open files allowed, minimum of 40 000 recommended. See the Neo4j manual.
Using additional JVM arguments:  -server -XX:+DisableExplicitGC -Dorg.neo4j.server.properties=conf/neo4j-server.properties -Djava.util.logging.config.file=conf/logging.properties -Dlog4j.configuration=file:conf/log4j.properties -XX:+UseConcMarkSweepGC -XX:+CMSClassUnloadingEnabled
Starting Neo4j Server...WARNING: not changing user
process [30911]... waiting for server to be ready................. OK.
http://localhost:7474/ is ready.
Tue Mar 24 04:30:01 UTC 2015  Neo4j is running fine.
Tue Mar 24 05:00:01 UTC 2015  Neo4j is running fine.
Tue Mar 24 05:30:01 UTC 2015  Neo4j is running fine.
Tue Mar 24 06:00:01 UTC 2015  Neo4j is running fine.
Tue Mar 24 06:30:01 UTC 2015  Neo4j is running fine.
Tue Mar 24 07:00:01 UTC 2015  Neo4j is running fine.
Tue Mar 24 07:30:01 UTC 2015  Neo4j is running fine.
Tue Mar 24 08:00:01 UTC 2015  Neo4j is running fine.
Tue Mar 24 08:30:01 UTC 2015  Neo4j is running fine.
Tue Mar 24 09:00:01 UTC 2015  Neo4j is running fine.
Tue Mar 24 09:30:01 UTC 2015  Neo4j is running fine.
Tue Mar 24 10:00:01 UTC 2015  Neo4j is running fine.
Tue Mar 24 10:30:01 UTC 2015  Neo4j is running fine.
Tue Mar 24 11:00:01 UTC 2015  Neo4j is running fine.
Tue Mar 24 11:30:01 UTC 2015  Neo4j is running fine.
Tue Mar 24 12:00:01 UTC 2015  Neo4j is running fine.
Tue Mar 24 12:30:01 UTC 2015  Neo4j is running fine.
Tue Mar 24 13:00:01 UTC 2015  Neo4j is running fine.
Tue Mar 24 13:30:01 UTC 2015  Neo4j is running fine.
Tue Mar 24 14:00:01 UTC 2015  Neo4j is running fine.
Tue Mar 24 14:30:01 UTC 2015  Neo4j is running fine.
Tue Mar 24 15:00:01 UTC 2015  Neo4j is running fine.
Tue Mar 24 15:30:01 UTC 2015  Neo4j is running fine.
Tue Mar 24 16:00:01 UTC 2015  Neo4j is running fine.
Tue Mar 24 16:30:01 UTC 2015  Neo4j is running fine.
Tue Mar 24 17:00:02 UTC 2015  Neo4j is running fine.
Tue Mar 24 17:30:01 UTC 2015  Neo4j is NOT running, restarting.
WARNING: Max 1024 open files allowed, minimum of 40 000 recommended. See the Neo4j manual.
Using additional JVM arguments:  -server -XX:+DisableExplicitGC -Dorg.neo4j.server.properties=conf/neo4j-server.properties -Djava.util.logging.config.file=conf/logging.properties -Dlog4j.configuration=file:conf/log4j.properties -XX:+UseConcMarkSweepGC -XX:+CMSClassUnloadingEnabled
Starting Neo4j Server...WARNING: not changing user
process [2031]... waiting for server to be ready............... OK.
http://localhost:7474/ is ready.
Tue Mar 24 18:00:01 UTC 2015  Neo4j is running fine.
Tue Mar 24 18:30:01 UTC 2015  Neo4j is running fine.
Tue Mar 24 19:00:01 UTC 2015  Neo4j is running fine.
Tue Mar 24 19:30:01 UTC 2015  Neo4j is running fine.
Tue Mar 24 20:00:01 UTC 2015  Neo4j is running fine.
Tue Mar 24 20:30:01 UTC 2015  Neo4j is running fine.
Tue Mar 24 21:00:01 UTC 2015  Neo4j is running fine.
Tue Mar 24 21:30:01 UTC 2015  Neo4j is running fine.
Tue Mar 24 22:00:01 UTC 2015  Neo4j is running fine.
Tue Mar 24 22:30:01 UTC 2015  Neo4j is running fine.
Tue Mar 24 23:00:01 UTC 2015  Neo4j is running fine.
Tue Mar 24 23:30:01 UTC 2015  Neo4j is running fine.
Wed Mar 25 00:00:01 UTC 2015  Neo4j is running fine.
Wed Mar 25 00:30:01 UTC 2015  Neo4j is running fine.
Wed Mar 25 01:00:01 UTC 2015  Neo4j is running fine.
Wed Mar 25 01:30:01 UTC 2015  Neo4j is running fine.
Wed Mar 25 02:00:01 UTC 2015  Neo4j is running fine.
Wed Mar 25 02:30:01 UTC 2015  Neo4j is running fine.
Wed Mar 25 03:00:01 UTC 2015  Neo4j is running fine.
Wed Mar 25 03:30:01 UTC 2015  Neo4j is running fine.
Wed Mar 25 04:00:01 UTC 2015  Neo4j is running fine.
Wed Mar 25 04:30:01 UTC 2015  Neo4j is running fine.
Wed Mar 25 05:00:01 UTC 2015  Neo4j is running fine.
Wed Mar 25 05:30:02 UTC 2015  Neo4j is running fine.
Wed Mar 25 06:00:01 UTC 2015  Neo4j is running fine.
Wed Mar 25 06:30:01 UTC 2015  Neo4j is running fine.
Wed Mar 25 07:00:01 UTC 2015  Neo4j is running fine.
Wed Mar 25 07:30:01 UTC 2015  Neo4j is running fine.
Wed Mar 25 08:00:01 UTC 2015  Neo4j is running fine.
Wed Mar 25 08:30:01 UTC 2015  Neo4j is NOT running, restarting.
WARNING: Max 1024 open files allowed, minimum of 40 000 recommended. See the Neo4j manual.
Using additional JVM arguments:  -server -XX:+DisableExplicitGC -Dorg.neo4j.server.properties=conf/neo4j-server.properties -Djava.util.logging.config.file=conf/logging.properties -Dlog4j.configuration=file:conf/log4j.properties -XX:+UseConcMarkSweepGC -XX:+CMSClassUnloadingEnabled
Starting Neo4j Server...WARNING: not changing user
process [4996]... waiting for server to be ready................. OK.
http://localhost:7474/ is ready.
Wed Mar 25 09:00:01 UTC 2015  Neo4j is running fine.
Wed Mar 25 09:30:01 UTC 2015  Neo4j is running fine.
Wed Mar 25 10:00:01 UTC 2015  Neo4j is running fine.
Wed Mar 25 10:30:01 UTC 2015  Neo4j is running fine.
Wed Mar 25 11:00:01 UTC 2015  Neo4j is running fine.
Wed Mar 25 11:30:01 UTC 2015  Neo4j is running fine.
Wed Mar 25 12:00:01 UTC 2015  Neo4j is running fine.
Wed Mar 25 12:30:01 UTC 2015  Neo4j is running fine.
Wed Mar 25 13:00:01 UTC 2015  Neo4j is running fine.
Wed Mar 25 13:30:01 UTC 2015  Neo4j is running fine.
Wed Mar 25 14:00:01 UTC 2015  Neo4j is running fine.
Wed Mar 25 14:30:01 UTC 2015  Neo4j is running fine.
Wed Mar 25 15:00:01 UTC 2015  Neo4j is running fine.
Wed Mar 25 15:30:01 UTC 2015  Neo4j is running fine.
Wed Mar 25 16:00:01 UTC 2015  Neo4j is running fine.
Wed Mar 25 16:30:01 UTC 2015  Neo4j is running fine.
Wed Mar 25 17:00:01 UTC 2015  Neo4j is running fine.
Wed Mar 25 17:30:01 UTC 2015  Neo4j is running fine.
Wed Mar 25 18:00:01 UTC 2015  Neo4j is running fine.
Wed Mar 25 18:30:01 UTC 2015  Neo4j is running fine.
Wed Mar 25 19:00:01 UTC 2015  Neo4j is running fine.
Wed Mar 25 19:30:01 UTC 2015  Neo4j is running fine.
Wed Mar 25 20:00:01 UTC 2015  Neo4j is running fine.
Wed Mar 25 20:30:01 UTC 2015  Neo4j is running fine.
Wed Mar 25 21:00:01 UTC 2015  Neo4j is running fine.
Wed Mar 25 21:30:01 UTC 2015  Neo4j is running fine.
Wed Mar 25 22:00:01 UTC 2015  Neo4j is running fine.
Wed Mar 25 22:30:01 UTC 2015  Neo4j is running fine.
Wed Mar 25 23:00:01 UTC 2015  Neo4j is running fine.
Wed Mar 25 23:30:01 UTC 2015  Neo4j is running fine.
Thu Mar 26 00:00:01 UTC 2015  Neo4j is running fine.
Thu Mar 26 00:30:01 UTC 2015  Neo4j is running fine.
Thu Mar 26 01:00:01 UTC 2015  Neo4j is running fine.
Thu Mar 26 01:30:01 UTC 2015  Neo4j is running fine.
Thu Mar 26 02:00:01 UTC 2015  Neo4j is running fine.
Thu Mar 26 02:30:01 UTC 2015  Neo4j is running fine.
Thu Mar 26 03:00:01 UTC 2015  Neo4j is running fine.
Thu Mar 26 03:30:01 UTC 2015  Neo4j is running fine.
Thu Mar 26 04:00:01 UTC 2015  Neo4j is running fine.
Thu Mar 26 04:30:01 UTC 2015  Neo4j is running fine.
Thu Mar 26 05:00:02 UTC 2015  Neo4j is running fine.
Thu Mar 26 05:30:01 UTC 2015  Neo4j is running fine.
Thu Mar 26 06:00:01 UTC 2015  Neo4j is running fine.
Thu Mar 26 06:30:01 UTC 2015  Neo4j is running fine.
Thu Mar 26 07:00:01 UTC 2015  Neo4j is running fine.
Thu Mar 26 07:30:01 UTC 2015  Neo4j is running fine.
Thu Mar 26 08:00:01 UTC 2015  Neo4j is NOT running, restarting.
WARNING: Max 1024 open files allowed, minimum of 40 000 recommended. See the Neo4j manual.
Using additional JVM arguments:  -server -XX:+DisableExplicitGC -Dorg.neo4j.server.properties=conf/neo4j-server.properties -Djava.util.logging.config.file=conf/logging.properties -Dlog4j.configuration=file:conf/log4j.properties -XX:+UseConcMarkSweepGC -XX:+CMSClassUnloadingEnabled
Starting Neo4j Server...WARNING: not changing user
process [9085]... waiting for server to be ready................. OK.
http://localhost:7474/ is ready.
Thu Mar 26 08:30:01 UTC 2015  Neo4j is running fine.
Thu Mar 26 09:00:01 UTC 2015  Neo4j is running fine.
Thu Mar 26 09:30:01 UTC 2015  Neo4j is running fine.
Thu Mar 26 10:00:01 UTC 2015  Neo4j is running fine.
Thu Mar 26 10:30:01 UTC 2015  Neo4j is running fine.
Thu Mar 26 11:00:01 UTC 2015  Neo4j is running fine.
Thu Mar 26 11:30:01 UTC 2015  Neo4j is running fine.
Thu Mar 26 12:00:01 UTC 2015  Neo4j is running fine.
Thu Mar 26 12:30:01 UTC 2015  Neo4j is running fine.
Thu Mar 26 13:00:02 UTC 2015  Neo4j is running fine.
Thu Mar 26 13:30:01 UTC 2015  Neo4j is running fine.
Thu Mar 26 14:00:01 UTC 2015  Neo4j is running fine.
Thu Mar 26 14:30:01 UTC 2015  Neo4j is running fine.
Thu Mar 26 15:00:01 UTC 2015  Neo4j is running fine.
Thu Mar 26 15:30:01 UTC 2015  Neo4j is running fine.
Thu Mar 26 16:00:01 UTC 2015  Neo4j is running fine.
Thu Mar 26 16:30:01 UTC 2015  Neo4j is running fine.
Thu Mar 26 17:00:01 UTC 2015  Neo4j is running fine.
Thu Mar 26 17:30:01 UTC 2015  Neo4j is running fine.
Thu Mar 26 18:00:01 UTC 2015  Neo4j is running fine.
Thu Mar 26 18:30:01 UTC 2015  Neo4j is running fine.
Thu Mar 26 19:00:01 UTC 2015  Neo4j is running fine.
Thu Mar 26 19:30:01 UTC 2015  Neo4j is running fine.
Thu Mar 26 20:00:01 UTC 2015  Neo4j is running fine.
Thu Mar 26 20:30:01 UTC 2015  Neo4j is running fine.
Thu Mar 26 21:00:01 UTC 2015  Neo4j is running fine.
Thu Mar 26 21:30:01 UTC 2015  Neo4j is running fine.
Thu Mar 26 22:00:01 UTC 2015  Neo4j is running fine.
Thu Mar 26 22:30:01 UTC 2015  Neo4j is running fine.
Thu Mar 26 23:00:01 UTC 2015  Neo4j is running fine.
Thu Mar 26 23:30:02 UTC 2015  Neo4j is running fine.
Fri Mar 27 00:00:01 UTC 2015  Neo4j is NOT running, restarting.
WARNING: Max 1024 open files allowed, minimum of 40 000 recommended. See the Neo4j manual.
Using additional JVM arguments:  -server -XX:+DisableExplicitGC -Dorg.neo4j.server.properties=conf/neo4j-server.properties -Djava.util.logging.config.file=conf/logging.properties -Dlog4j.configuration=file:conf/log4j.properties -XX:+UseConcMarkSweepGC -XX:+CMSClassUnloadingEnabled
Starting Neo4j Server...WARNING: not changing user
process [12278]... waiting for server to be ready................. OK.
http://localhost:7474/ is ready.
Fri Mar 27 00:30:01 UTC 2015  Neo4j is running fine.
Fri Mar 27 01:00:01 UTC 2015  Neo4j is running fine.
Fri Mar 27 01:30:01 UTC 2015  Neo4j is running fine.
Fri Mar 27 02:00:01 UTC 2015  Neo4j is running fine.
Fri Mar 27 02:30:01 UTC 2015  Neo4j is running fine.
Fri Mar 27 03:00:01 UTC 2015  Neo4j is running fine.
Fri Mar 27 03:30:01 UTC 2015  Neo4j is running fine.
Fri Mar 27 04:00:01 UTC 2015  Neo4j is running fine.
Fri Mar 27 04:30:01 UTC 2015  Neo4j is running fine.
Fri Mar 27 05:00:01 UTC 2015  Neo4j is running fine.
Fri Mar 27 05:30:01 UTC 2015  Neo4j is running fine.
Fri Mar 27 06:00:01 UTC 2015  Neo4j is running fine.
Fri Mar 27 06:30:01 UTC 2015  Neo4j is running fine.
Fri Mar 27 07:00:01 UTC 2015  Neo4j is running fine.
Fri Mar 27 07:30:01 UTC 2015  Neo4j is running fine.
Fri Mar 27 08:00:01 UTC 2015  Neo4j is running fine.
Fri Mar 27 08:30:01 UTC 2015  Neo4j is running fine.
Fri Mar 27 09:00:01 UTC 2015  Neo4j is running fine.
Fri Mar 27 09:30:01 UTC 2015  Neo4j is running fine.
Fri Mar 27 10:00:01 UTC 2015  Neo4j is running fine.
Fri Mar 27 10:30:01 UTC 2015  Neo4j is running fine.
Fri Mar 27 11:00:01 UTC 2015  Neo4j is running fine.
Fri Mar 27 11:30:01 UTC 2015  Neo4j is running fine.
Fri Mar 27 12:00:01 UTC 2015  Neo4j is running fine.
Fri Mar 27 12:30:01 UTC 2015  Neo4j is running fine.
Fri Mar 27 13:00:01 UTC 2015  Neo4j is running fine.
Fri Mar 27 13:30:01 UTC 2015  Neo4j is running fine.
Fri Mar 27 14:00:01 UTC 2015  Neo4j is running fine.
Fri Mar 27 14:30:01 UTC 2015  Neo4j is running fine.
Fri Mar 27 15:00:01 UTC 2015  Neo4j is running fine.
Fri Mar 27 15:30:01 UTC 2015  Neo4j is running fine.
Fri Mar 27 16:00:01 UTC 2015  Neo4j is running fine.
Fri Mar 27 16:30:01 UTC 2015  Neo4j is running fine.
Fri Mar 27 17:00:01 UTC 2015  Neo4j is running fine.
Fri Mar 27 17:30:01 UTC 2015  Neo4j is running fine.
Fri Mar 27 18:00:01 UTC 2015  Neo4j is running fine.
Fri Mar 27 18:30:01 UTC 2015  Neo4j is running fine.
Fri Mar 27 19:00:01 UTC 2015  Neo4j is running fine.
Fri Mar 27 19:30:02 UTC 2015  Neo4j is running fine.
Fri Mar 27 20:00:01 UTC 2015  Neo4j is running fine.
Fri Mar 27 20:30:01 UTC 2015  Neo4j is running fine.
Fri Mar 27 21:00:01 UTC 2015  Neo4j is running fine.
Fri Mar 27 21:30:01 UTC 2015  Neo4j is running fine.
Fri Mar 27 22:00:01 UTC 2015  Neo4j is running fine.
Fri Mar 27 22:30:01 UTC 2015  Neo4j is running fine.
Fri Mar 27 23:00:01 UTC 2015  Neo4j is running fine.
Fri Mar 27 23:30:01 UTC 2015  Neo4j is running fine.
Sat Mar 28 00:00:01 UTC 2015  Neo4j is running fine.
Sat Mar 28 00:30:01 UTC 2015  Neo4j is running fine.
Sat Mar 28 01:00:01 UTC 2015  Neo4j is running fine.
Sat Mar 28 01:30:01 UTC 2015  Neo4j is running fine.
Sat Mar 28 02:00:01 UTC 2015  Neo4j is running fine.
Sat Mar 28 02:30:01 UTC 2015  Neo4j is running fine.
Sat Mar 28 03:00:01 UTC 2015  Neo4j is running fine.
Sat Mar 28 03:30:01 UTC 2015  Neo4j is running fine.
Sat Mar 28 04:00:01 UTC 2015  Neo4j is running fine.
Sat Mar 28 04:30:01 UTC 2015  Neo4j is running fine.
Sat Mar 28 05:00:01 UTC 2015  Neo4j is running fine.
Sat Mar 28 05:30:01 UTC 2015  Neo4j is running fine.
Sat Mar 28 06:00:01 UTC 2015  Neo4j is running fine.
Sat Mar 28 06:30:01 UTC 2015  Neo4j is running fine.
Sat Mar 28 07:00:01 UTC 2015  Neo4j is running fine.
Sat Mar 28 07:30:01 UTC 2015  Neo4j is running fine.
Sat Mar 28 08:00:01 UTC 2015  Neo4j is running fine.
Sat Mar 28 08:30:01 UTC 2015  Neo4j is running fine.
Sat Mar 28 09:00:01 UTC 2015  Neo4j is running fine.
Sat Mar 28 09:30:01 UTC 2015  Neo4j is running fine.
Sat Mar 28 10:00:01 UTC 2015  Neo4j is running fine.
Sat Mar 28 10:30:01 UTC 2015  Neo4j is running fine.
Sat Mar 28 11:00:01 UTC 2015  Neo4j is running fine.
Sat Mar 28 11:30:01 UTC 2015  Neo4j is running fine.
Sat Mar 28 12:00:01 UTC 2015  Neo4j is running fine.
Sat Mar 28 12:30:01 UTC 2015  Neo4j is running fine.
Sat Mar 28 13:00:01 UTC 2015  Neo4j is running fine.
Sat Mar 28 13:30:01 UTC 2015  Neo4j is running fine.
Sat Mar 28 14:00:01 UTC 2015  Neo4j is running fine.
Sat Mar 28 14:30:01 UTC 2015  Neo4j is running fine.
Sat Mar 28 15:00:01 UTC 2015  Neo4j is running fine.
Sat Mar 28 15:30:02 UTC 2015  Neo4j is running fine.
Sat Mar 28 16:00:01 UTC 2015  Neo4j is running fine.
Sat Mar 28 16:30:01 UTC 2015  Neo4j is running fine.
Sat Mar 28 17:00:01 UTC 2015  Neo4j is running fine.
Sat Mar 28 17:30:01 UTC 2015  Neo4j is running fine.
Sat Mar 28 18:00:01 UTC 2015  Neo4j is running fine.
Sat Mar 28 18:30:01 UTC 2015  Neo4j is running fine.
Sat Mar 28 19:00:01 UTC 2015  Neo4j is running fine.
Sat Mar 28 19:30:01 UTC 2015  Neo4j is running fine.
Sat Mar 28 20:00:01 UTC 2015  Neo4j is running fine.
Sat Mar 28 20:30:01 UTC 2015  Neo4j is running fine.
Sat Mar 28 21:00:01 UTC 2015  Neo4j is running fine.
Sat Mar 28 21:30:01 UTC 2015  Neo4j is running fine.
Sat Mar 28 22:00:01 UTC 2015  Neo4j is running fine.
Sat Mar 28 22:30:01 UTC 2015  Neo4j is running fine.
Sat Mar 28 23:00:01 UTC 2015  Neo4j is running fine.
Sat Mar 28 23:30:01 UTC 2015  Neo4j is running fine.
Sun Mar 29 00:00:01 UTC 2015  Neo4j is running fine.
Sun Mar 29 00:30:01 UTC 2015  Neo4j is running fine.
Sun Mar 29 01:00:01 UTC 2015  Neo4j is running fine.
Sun Mar 29 01:30:01 UTC 2015  Neo4j is running fine.
Sun Mar 29 02:00:01 UTC 2015  Neo4j is running fine.
Sun Mar 29 02:30:01 UTC 2015  Neo4j is running fine.
Sun Mar 29 03:00:01 UTC 2015  Neo4j is running fine.
Sun Mar 29 03:30:01 UTC 2015  Neo4j is running fine.
Sun Mar 29 04:00:01 UTC 2015  Neo4j is running fine.
Sun Mar 29 04:30:01 UTC 2015  Neo4j is running fine.
Sun Mar 29 05:00:01 UTC 2015  Neo4j is running fine.
Sun Mar 29 05:30:01 UTC 2015  Neo4j is running fine.
Sun Mar 29 06:00:01 UTC 2015  Neo4j is running fine.
Sun Mar 29 06:30:01 UTC 2015  Neo4j is running fine.
Sun Mar 29 07:00:01 UTC 2015  Neo4j is running fine.
Sun Mar 29 07:30:01 UTC 2015  Neo4j is running fine.
Sun Mar 29 08:00:01 UTC 2015  Neo4j is running fine.
Sun Mar 29 08:30:01 UTC 2015  Neo4j is running fine.
Sun Mar 29 09:00:01 UTC 2015  Neo4j is running fine.
Sun Mar 29 09:30:01 UTC 2015  Neo4j is running fine.
Sun Mar 29 10:00:01 UTC 2015  Neo4j is running fine.
Sun Mar 29 10:30:02 UTC 2015  Neo4j is running fine.
Sun Mar 29 11:00:01 UTC 2015  Neo4j is running fine.
Sun Mar 29 11:30:01 UTC 2015  Neo4j is running fine.
Sun Mar 29 12:00:01 UTC 2015  Neo4j is running fine.
Sun Mar 29 12:30:01 UTC 2015  Neo4j is running fine.
Sun Mar 29 13:00:01 UTC 2015  Neo4j is running fine.
Sun Mar 29 13:30:01 UTC 2015  Neo4j is running fine.
Sun Mar 29 14:00:01 UTC 2015  Neo4j is running fine.
Sun Mar 29 14:30:01 UTC 2015  Neo4j is running fine.
Sun Mar 29 15:00:01 UTC 2015  Neo4j is running fine.
Sun Mar 29 15:30:01 UTC 2015  Neo4j is running fine.
Sun Mar 29 16:00:01 UTC 2015  Neo4j is running fine.
Sun Mar 29 16:30:01 UTC 2015  Neo4j is running fine.
Sun Mar 29 17:00:01 UTC 2015  Neo4j is running fine.
Sun Mar 29 17:30:01 UTC 2015  Neo4j is running fine.
Sun Mar 29 18:00:01 UTC 2015  Neo4j is running fine.
Sun Mar 29 18:30:01 UTC 2015  Neo4j is running fine.
Sun Mar 29 19:00:01 UTC 2015  Neo4j is running fine.
Sun Mar 29 19:30:01 UTC 2015  Neo4j is running fine.
Sun Mar 29 20:00:01 UTC 2015  Neo4j is running fine.
Sun Mar 29 20:30:01 UTC 2015  Neo4j is running fine.
Sun Mar 29 21:00:01 UTC 2015  Neo4j is running fine.
Sun Mar 29 21:30:01 UTC 2015  Neo4j is running fine.
Sun Mar 29 22:00:01 UTC 2015  Neo4j is running fine.
Sun Mar 29 22:30:01 UTC 2015  Neo4j is running fine.
Sun Mar 29 23:00:01 UTC 2015  Neo4j is running fine.
Sun Mar 29 23:30:01 UTC 2015  Neo4j is running fine.
Mon Mar 30 00:00:01 UTC 2015  Neo4j is running fine.
Mon Mar 30 00:30:01 UTC 2015  Neo4j is running fine.
Mon Mar 30 01:00:01 UTC 2015  Neo4j is running fine.
Mon Mar 30 01:30:01 UTC 2015  Neo4j is running fine.
Mon Mar 30 02:00:01 UTC 2015  Neo4j is running fine.
Mon Mar 30 02:30:01 UTC 2015  Neo4j is running fine.
Mon Mar 30 03:00:01 UTC 2015  Neo4j is running fine.
Mon Mar 30 03:30:02 UTC 2015  Neo4j is running fine.
Mon Mar 30 04:00:01 UTC 2015  Neo4j is NOT running, restarting.
WARNING: Max 1024 open files allowed, minimum of 40 000 recommended. See the Neo4j manual.
Using additional JVM arguments:  -server -XX:+DisableExplicitGC -Dorg.neo4j.server.properties=conf/neo4j-server.properties -Djava.util.logging.config.file=conf/logging.properties -Dlog4j.configuration=file:conf/log4j.properties -XX:+UseConcMarkSweepGC -XX:+CMSClassUnloadingEnabled
Starting Neo4j Server...WARNING: not changing user
process [24933]... waiting for server to be ready......................... OK.
http://localhost:7474/ is ready.
Mon Mar 30 04:30:01 UTC 2015  Neo4j is running fine.
Mon Mar 30 05:00:01 UTC 2015  Neo4j is running fine.
Mon Mar 30 05:30:01 UTC 2015  Neo4j is running fine.
Mon Mar 30 06:00:01 UTC 2015  Neo4j is running fine.
Mon Mar 30 06:30:01 UTC 2015  Neo4j is running fine.
Mon Mar 30 07:00:01 UTC 2015  Neo4j is running fine.
Mon Mar 30 07:30:01 UTC 2015  Neo4j is running fine.
Mon Mar 30 08:00:01 UTC 2015  Neo4j is running fine.
Mon Mar 30 08:30:01 UTC 2015  Neo4j is running fine.
Mon Mar 30 09:00:01 UTC 2015  Neo4j is running fine.
Mon Mar 30 09:30:01 UTC 2015  Neo4j is running fine.
Mon Mar 30 10:00:01 UTC 2015  Neo4j is running fine.
Mon Mar 30 10:30:01 UTC 2015  Neo4j is running fine.
Mon Mar 30 11:00:02 UTC 2015  Neo4j is running fine.
Mon Mar 30 11:30:01 UTC 2015  Neo4j is NOT running, restarting.
WARNING: Max 1024 open files allowed, minimum of 40 000 recommended. See the Neo4j manual.
Using additional JVM arguments:  -server -XX:+DisableExplicitGC -Dorg.neo4j.server.properties=conf/neo4j-server.properties -Djava.util.logging.config.file=conf/logging.properties -Dlog4j.configuration=file:conf/log4j.properties -XX:+UseConcMarkSweepGC -XX:+CMSClassUnloadingEnabled
Starting Neo4j Server...WARNING: not changing user
process [26389]... waiting for server to be ready.............. OK.
http://localhost:7474/ is ready.
Mon Mar 30 12:00:01 UTC 2015  Neo4j is running fine.
Mon Mar 30 12:30:01 UTC 2015  Neo4j is running fine.
Mon Mar 30 13:00:01 UTC 2015  Neo4j is running fine.
Mon Mar 30 13:30:01 UTC 2015  Neo4j is running fine.
Mon Mar 30 14:00:01 UTC 2015  Neo4j is running fine.
Mon Mar 30 14:30:01 UTC 2015  Neo4j is running fine.
Mon Mar 30 15:00:01 UTC 2015  Neo4j is running fine.
Mon Mar 30 15:30:01 UTC 2015  Neo4j is running fine.
Mon Mar 30 16:00:01 UTC 2015  Neo4j is running fine.
Mon Mar 30 16:30:02 UTC 2015  Neo4j is running fine.
Mon Mar 30 17:00:01 UTC 2015  Neo4j is running fine.
Mon Mar 30 17:30:01 UTC 2015  Neo4j is running fine.
Mon Mar 30 18:00:01 UTC 2015  Neo4j is running fine.
Mon Mar 30 18:30:01 UTC 2015  Neo4j is running fine.
Mon Mar 30 19:00:01 UTC 2015  Neo4j is running fine.
Mon Mar 30 19:30:01 UTC 2015  Neo4j is running fine.
Mon Mar 30 20:00:01 UTC 2015  Neo4j is running fine.
Mon Mar 30 20:30:01 UTC 2015  Neo4j is running fine.
Mon Mar 30 21:00:01 UTC 2015  Neo4j is running fine.
Mon Mar 30 21:30:01 UTC 2015  Neo4j is running fine.
Mon Mar 30 22:00:01 UTC 2015  Neo4j is running fine.
Mon Mar 30 22:30:01 UTC 2015  Neo4j is running fine.
Mon Mar 30 23:00:01 UTC 2015  Neo4j is running fine.
Mon Mar 30 23:30:01 UTC 2015  Neo4j is running fine.
Tue Mar 31 00:00:01 UTC 2015  Neo4j is running fine.
Tue Mar 31 00:30:01 UTC 2015  Neo4j is NOT running, restarting.
WARNING: Max 1024 open files allowed, minimum of 40 000 recommended. See the Neo4j manual.
Using additional JVM arguments:  -server -XX:+DisableExplicitGC -Dorg.neo4j.server.properties=conf/neo4j-server.properties -Djava.util.logging.config.file=conf/logging.properties -Dlog4j.configuration=file:conf/log4j.properties -XX:+UseConcMarkSweepGC -XX:+CMSClassUnloadingEnabled
Starting Neo4j Server...WARNING: not changing user
process [28367]... waiting for server to be ready................ OK.
http://localhost:7474/ is ready.
Tue Mar 31 01:00:01 UTC 2015  Neo4j is running fine.
Tue Mar 31 01:30:01 UTC 2015  Neo4j is running fine.
Tue Mar 31 02:00:01 UTC 2015  Neo4j is running fine.
Tue Mar 31 02:30:01 UTC 2015  Neo4j is running fine.
Tue Mar 31 03:00:01 UTC 2015  Neo4j is running fine.
Tue Mar 31 03:30:01 UTC 2015  Neo4j is running fine.
Tue Mar 31 04:00:01 UTC 2015  Neo4j is running fine.
Tue Mar 31 04:30:01 UTC 2015  Neo4j is running fine.
Tue Mar 31 05:00:01 UTC 2015  Neo4j is running fine.
Tue Mar 31 05:30:01 UTC 2015  Neo4j is running fine.
Tue Mar 31 06:00:01 UTC 2015  Neo4j is running fine.
Tue Mar 31 06:30:01 UTC 2015  Neo4j is running fine.
Tue Mar 31 07:00:01 UTC 2015  Neo4j is running fine.
Tue Mar 31 07:30:01 UTC 2015  Neo4j is running fine.
Tue Mar 31 08:00:01 UTC 2015  Neo4j is running fine.
Tue Mar 31 08:30:01 UTC 2015  Neo4j is running fine.
Tue Mar 31 09:00:01 UTC 2015  Neo4j is running fine.
Tue Mar 31 09:30:01 UTC 2015  Neo4j is running fine.
Tue Mar 31 10:00:01 UTC 2015  Neo4j is running fine.
Tue Mar 31 10:30:01 UTC 2015  Neo4j is running fine.
Tue Mar 31 11:00:01 UTC 2015  Neo4j is running fine.
Tue Mar 31 11:30:01 UTC 2015  Neo4j is running fine.
Tue Mar 31 12:00:01 UTC 2015  Neo4j is running fine.
Tue Mar 31 12:30:01 UTC 2015  Neo4j is running fine.
Tue Mar 31 13:00:01 UTC 2015  Neo4j is running fine.
Tue Mar 31 13:30:01 UTC 2015  Neo4j is running fine.
Tue Mar 31 14:00:01 UTC 2015  Neo4j is running fine.
Tue Mar 31 14:30:01 UTC 2015  Neo4j is running fine.
Tue Mar 31 15:00:01 UTC 2015  Neo4j is running fine.
Tue Mar 31 15:30:01 UTC 2015  Neo4j is running fine.
Tue Mar 31 16:00:01 UTC 2015  Neo4j is running fine.
Tue Mar 31 16:30:01 UTC 2015  Neo4j is running fine.
Tue Mar 31 17:00:01 UTC 2015  Neo4j is running fine.
Tue Mar 31 17:30:01 UTC 2015  Neo4j is running fine.
Tue Mar 31 18:00:01 UTC 2015  Neo4j is running fine.
Tue Mar 31 18:30:01 UTC 2015  Neo4j is running fine.
Tue Mar 31 19:00:01 UTC 2015  Neo4j is running fine.
Tue Mar 31 19:30:01 UTC 2015  Neo4j is running fine.
Tue Mar 31 20:00:01 UTC 2015  Neo4j is running fine.
Tue Mar 31 20:30:01 UTC 2015  Neo4j is running fine.
Tue Mar 31 21:00:01 UTC 2015  Neo4j is running fine.
Tue Mar 31 21:30:01 UTC 2015  Neo4j is running fine.
Tue Mar 31 22:00:01 UTC 2015  Neo4j is running fine.
Tue Mar 31 22:30:01 UTC 2015  Neo4j is running fine.
Tue Mar 31 23:00:01 UTC 2015  Neo4j is running fine.
Tue Mar 31 23:30:02 UTC 2015  Neo4j is running fine.
Wed Apr 1 00:00:01 UTC 2015  Neo4j is running fine.
Wed Apr 1 00:30:01 UTC 2015  Neo4j is running fine.
Wed Apr 1 01:00:01 UTC 2015  Neo4j is running fine.
Wed Apr 1 01:30:01 UTC 2015  Neo4j is running fine.
Wed Apr 1 02:00:01 UTC 2015  Neo4j is running fine.
Wed Apr 1 02:30:01 UTC 2015  Neo4j is running fine.
Wed Apr 1 03:00:01 UTC 2015  Neo4j is running fine.
Wed Apr 1 03:30:01 UTC 2015  Neo4j is running fine.
Wed Apr 1 04:00:01 UTC 2015  Neo4j is running fine.
Wed Apr 1 04:30:01 UTC 2015  Neo4j is running fine.
Wed Apr 1 05:00:01 UTC 2015  Neo4j is running fine.
Wed Apr 1 05:30:01 UTC 2015  Neo4j is running fine.
Wed Apr 1 06:00:01 UTC 2015  Neo4j is running fine.
Wed Apr 1 06:30:01 UTC 2015  Neo4j is running fine.
Wed Apr 1 07:00:01 UTC 2015  Neo4j is running fine.
Wed Apr 1 07:30:01 UTC 2015  Neo4j is running fine.
Wed Apr 1 08:00:01 UTC 2015  Neo4j is running fine.
Wed Apr 1 08:30:01 UTC 2015  Neo4j is running fine.
Wed Apr 1 09:00:01 UTC 2015  Neo4j is running fine.
Wed Apr 1 09:30:01 UTC 2015  Neo4j is running fine.
Wed Apr 1 10:00:01 UTC 2015  Neo4j is running fine.
Wed Apr 1 10:30:01 UTC 2015  Neo4j is running fine.
Wed Apr 1 11:00:01 UTC 2015  Neo4j is running fine.
Wed Apr 1 11:30:01 UTC 2015  Neo4j is running fine.
Wed Apr 1 12:00:01 UTC 2015  Neo4j is running fine.
Wed Apr 1 12:30:01 UTC 2015  Neo4j is running fine.
Wed Apr 1 13:00:01 UTC 2015  Neo4j is running fine.
Wed Apr 1 13:30:01 UTC 2015  Neo4j is running fine.
Wed Apr 1 14:00:01 UTC 2015  Neo4j is running fine.
Wed Apr 1 14:30:01 UTC 2015  Neo4j is running fine.
Wed Apr 1 15:00:01 UTC 2015  Neo4j is running fine.
Wed Apr 1 15:30:01 UTC 2015  Neo4j is running fine.
Wed Apr 1 16:00:01 UTC 2015  Neo4j is running fine.
Wed Apr 1 16:30:01 UTC 2015  Neo4j is running fine.
Wed Apr 1 17:00:01 UTC 2015  Neo4j is running fine.
Wed Apr 1 17:30:01 UTC 2015  Neo4j is running fine.
Wed Apr 1 18:00:01 UTC 2015  Neo4j is running fine.
Wed Apr 1 18:30:01 UTC 2015  Neo4j is running fine.
Wed Apr 1 19:00:02 UTC 2015  Neo4j is running fine.
Wed Apr 1 19:30:01 UTC 2015  Neo4j is running fine.
Wed Apr 1 20:00:01 UTC 2015  Neo4j is running fine.
Wed Apr 1 20:30:01 UTC 2015  Neo4j is running fine.
Wed Apr 1 21:00:01 UTC 2015  Neo4j is running fine.
Wed Apr 1 21:30:01 UTC 2015  Neo4j is running fine.
Wed Apr 1 22:00:01 UTC 2015  Neo4j is running fine.
Wed Apr 1 22:30:01 UTC 2015  Neo4j is running fine.
Wed Apr 1 23:00:01 UTC 2015  Neo4j is running fine.
Wed Apr 1 23:30:01 UTC 2015  Neo4j is running fine.
Thu Apr 2 00:00:01 UTC 2015  Neo4j is running fine.
Thu Apr 2 00:30:01 UTC 2015  Neo4j is running fine.
Thu Apr 2 01:00:01 UTC 2015  Neo4j is running fine.
Thu Apr 2 01:30:01 UTC 2015  Neo4j is running fine.
Thu Apr 2 02:00:01 UTC 2015  Neo4j is running fine.
Thu Apr 2 02:30:01 UTC 2015  Neo4j is running fine.
Thu Apr 2 03:00:01 UTC 2015  Neo4j is running fine.
Thu Apr 2 03:30:01 UTC 2015  Neo4j is running fine.
Thu Apr 2 04:00:01 UTC 2015  Neo4j is running fine.
Thu Apr 2 04:30:01 UTC 2015  Neo4j is running fine.
Thu Apr 2 05:00:01 UTC 2015  Neo4j is running fine.
Thu Apr 2 05:30:01 UTC 2015  Neo4j is running fine.
Thu Apr 2 06:00:01 UTC 2015  Neo4j is running fine.
Thu Apr 2 06:30:01 UTC 2015  Neo4j is running fine.
Thu Apr 2 07:00:01 UTC 2015  Neo4j is NOT running, restarting.
WARNING: Max 1024 open files allowed, minimum of 40 000 recommended. See the Neo4j manual.
Using additional JVM arguments:  -server -XX:+DisableExplicitGC -Dorg.neo4j.server.properties=conf/neo4j-server.properties -Djava.util.logging.config.file=conf/logging.properties -Dlog4j.configuration=file:conf/log4j.properties -XX:+UseConcMarkSweepGC -XX:+CMSClassUnloadingEnabled
Starting Neo4j Server...WARNING: not changing user
process [6142]... waiting for server to be ready...................... OK.
http://localhost:7474/ is ready.
Thu Apr 2 07:30:01 UTC 2015  Neo4j is running fine.
Thu Apr 2 08:00:01 UTC 2015  Neo4j is running fine.
Thu Apr 2 08:30:01 UTC 2015  Neo4j is running fine.
Thu Apr 2 09:00:01 UTC 2015  Neo4j is running fine.
Thu Apr 2 09:30:01 UTC 2015  Neo4j is running fine.
Thu Apr 2 10:00:01 UTC 2015  Neo4j is running fine.
Thu Apr 2 10:30:01 UTC 2015  Neo4j is running fine.
Thu Apr 2 11:00:01 UTC 2015  Neo4j is running fine.
Thu Apr 2 11:30:01 UTC 2015  Neo4j is running fine.
Thu Apr 2 12:00:01 UTC 2015  Neo4j is running fine.
Thu Apr 2 12:30:01 UTC 2015  Neo4j is running fine.
Thu Apr 2 13:00:02 UTC 2015  Neo4j is running fine.
Thu Apr 2 13:30:01 UTC 2015  Neo4j is running fine.
Thu Apr 2 14:00:01 UTC 2015  Neo4j is running fine.
Thu Apr 2 14:30:01 UTC 2015  Neo4j is running fine.
Thu Apr 2 15:00:01 UTC 2015  Neo4j is running fine.
Thu Apr 2 15:30:01 UTC 2015  Neo4j is running fine.
Thu Apr 2 16:00:01 UTC 2015  Neo4j is running fine.
Thu Apr 2 16:30:01 UTC 2015  Neo4j is running fine.
Thu Apr 2 17:00:01 UTC 2015  Neo4j is running fine.
Thu Apr 2 17:30:01 UTC 2015  Neo4j is running fine.
Thu Apr 2 18:00:01 UTC 2015  Neo4j is running fine.
Thu Apr 2 18:30:01 UTC 2015  Neo4j is running fine.
Thu Apr 2 19:00:01 UTC 2015  Neo4j is running fine.
Thu Apr 2 19:30:01 UTC 2015  Neo4j is running fine.
Thu Apr 2 20:00:01 UTC 2015  Neo4j is running fine.
Thu Apr 2 20:30:01 UTC 2015  Neo4j is running fine.
Thu Apr 2 21:00:01 UTC 2015  Neo4j is running fine.
Thu Apr 2 21:30:01 UTC 2015  Neo4j is running fine.
Thu Apr 2 22:00:01 UTC 2015  Neo4j is running fine.
Thu Apr 2 22:30:01 UTC 2015  Neo4j is running fine.
Thu Apr 2 23:00:01 UTC 2015  Neo4j is running fine.
Thu Apr 2 23:30:01 UTC 2015  Neo4j is running fine.
Fri Apr 3 00:00:01 UTC 2015  Neo4j is running fine.
/home/ubuntu/utils/neo4j_status.sh: fork: Cannot allocate memory
/bin/bash: xmalloc: ../../.././lib/sh/setlinebuf.c:45: cannot allocate 1008 bytes (4096 bytes allocated)
/bin/bash: xmalloc: .././make_cmd.c:76: cannot allocate 480 bytes (0 bytes allocated)
/bin/sh: 1: Cannot fork
Sat Apr 4 09:05:00 UTC 2015  Neo4j is running fine.
Sat Apr 4 09:30:01 UTC 2015  Neo4j is running fine.
Sat Apr 4 10:00:01 UTC 2015  Neo4j is running fine.
Sat Apr 4 10:30:01 UTC 2015  Neo4j is running fine.
Sat Apr 4 11:00:03 UTC 2015  Neo4j is running fine.
Sat Apr 4 11:30:02 UTC 2015  Neo4j is running fine.
Sat Apr 4 12:00:01 UTC 2015  Neo4j is running fine.
Sat Apr 4 12:30:02 UTC 2015  Neo4j is running fine.
Sat Apr 4 17:35:28 UTC 2015  Neo4j is running fine.
/home/ubuntu/utils/neo4j_status.sh: xrealloc: .././input.c:181: cannot allocate 2200 bytes (20480 bytes allocated)
/bin/sh: 1: Cannot fork
/bin/bash: xmalloc: .././array.c:93: cannot allocate 32 bytes (12288 bytes allocated)
Sun Apr 5 22:00:02 UTC 2015  Neo4j is running fine.
Sun Apr 5 22:30:01 UTC 2015  Neo4j is running fine.
Sun Apr 5 23:00:01 UTC 2015  Neo4j is running fine.
Sun Apr 5 23:30:02 UTC 2015  Neo4j is running fine.
Mon Apr 6 00:00:01 UTC 2015  Neo4j is running fine.
Mon Apr 6 00:30:01 UTC 2015  Neo4j is running fine.
Mon Apr 6 01:00:01 UTC 2015  Neo4j is running fine.
Mon Apr 6 01:30:01 UTC 2015  Neo4j is running fine.
Mon Apr 6 02:00:01 UTC 2015  Neo4j is running fine.
Mon Apr 6 02:30:01 UTC 2015  Neo4j is running fine.
Mon Apr 6 03:00:01 UTC 2015  Neo4j is running fine.
Mon Apr 6 03:30:01 UTC 2015  Neo4j is running fine.
Mon Apr 6 04:00:01 UTC 2015  Neo4j is running fine.
Mon Apr 6 04:30:01 UTC 2015  Neo4j is running fine.
Mon Apr 6 05:00:01 UTC 2015  Neo4j is running fine.
Mon Apr 6 05:30:01 UTC 2015  Neo4j is running fine.
Mon Apr 6 06:00:01 UTC 2015  Neo4j is running fine.
Mon Apr 6 06:30:01 UTC 2015  Neo4j is running fine.
Mon Apr 6 07:00:01 UTC 2015  Neo4j is running fine.
Mon Apr 6 07:30:01 UTC 2015  Neo4j is running fine.
Mon Apr 6 08:00:01 UTC 2015  Neo4j is running fine.
Mon Apr 6 08:30:01 UTC 2015  Neo4j is running fine.
Mon Apr 6 09:00:01 UTC 2015  Neo4j is running fine.
Mon Apr 6 09:30:01 UTC 2015  Neo4j is running fine.
Mon Apr 6 10:00:01 UTC 2015  Neo4j is running fine.
Mon Apr 6 10:30:01 UTC 2015  Neo4j is running fine.
Mon Apr 6 11:00:01 UTC 2015  Neo4j is running fine.
Mon Apr 6 11:30:01 UTC 2015  Neo4j is running fine.
Mon Apr 6 12:00:01 UTC 2015  Neo4j is running fine.
Mon Apr 6 12:30:01 UTC 2015  Neo4j is running fine.
Mon Apr 6 13:00:01 UTC 2015  Neo4j is running fine.
Mon Apr 6 13:30:01 UTC 2015  Neo4j is running fine.
Mon Apr 6 14:00:01 UTC 2015  Neo4j is running fine.
Mon Apr 6 14:30:02 UTC 2015  Neo4j is running fine.
Mon Apr 6 15:00:01 UTC 2015  Neo4j is running fine.
Mon Apr 6 15:30:01 UTC 2015  Neo4j is running fine.
Mon Apr 6 16:00:01 UTC 2015  Neo4j is running fine.
Mon Apr 6 16:30:01 UTC 2015  Neo4j is running fine.
Mon Apr 6 17:00:01 UTC 2015  Neo4j is running fine.
Mon Apr 6 17:30:01 UTC 2015  Neo4j is running fine.
Mon Apr 6 18:00:01 UTC 2015  Neo4j is running fine.
Mon Apr 6 18:30:01 UTC 2015  Neo4j is running fine.
Mon Apr 6 19:00:01 UTC 2015  Neo4j is running fine.
Mon Apr 6 19:30:01 UTC 2015  Neo4j is running fine.
Mon Apr 6 20:00:01 UTC 2015  Neo4j is running fine.
Mon Apr 6 20:30:01 UTC 2015  Neo4j is running fine.
Mon Apr 6 21:00:01 UTC 2015  Neo4j is running fine.
Mon Apr 6 21:30:01 UTC 2015  Neo4j is running fine.
Mon Apr 6 22:00:01 UTC 2015  Neo4j is running fine.
Mon Apr 6 22:30:01 UTC 2015  Neo4j is running fine.
Mon Apr 6 23:00:01 UTC 2015  Neo4j is running fine.
Mon Apr 6 23:30:01 UTC 2015  Neo4j is running fine.
Tue Apr 7 00:00:01 UTC 2015  Neo4j is running fine.
Tue Apr 7 00:30:01 UTC 2015  Neo4j is running fine.
Tue Apr 7 01:00:01 UTC 2015  Neo4j is running fine.
Tue Apr 7 01:30:01 UTC 2015  Neo4j is running fine.
Tue Apr 7 02:00:01 UTC 2015  Neo4j is running fine.
Tue Apr 7 02:30:01 UTC 2015  Neo4j is running fine.
Tue Apr 7 03:00:01 UTC 2015  Neo4j is running fine.
Tue Apr 7 03:30:01 UTC 2015  Neo4j is running fine.
Tue Apr 7 04:00:01 UTC 2015  Neo4j is running fine.
Tue Apr 7 04:30:01 UTC 2015  Neo4j is running fine.
Tue Apr 7 05:00:01 UTC 2015  Neo4j is running fine.
Tue Apr 7 05:30:01 UTC 2015  Neo4j is running fine.
Tue Apr 7 06:00:01 UTC 2015  Neo4j is running fine.
Tue Apr 7 06:30:01 UTC 2015  Neo4j is NOT running, restarting.
WARNING: Max 1024 open files allowed, minimum of 40 000 recommended. See the Neo4j manual.
Using additional JVM arguments:  -server -XX:+DisableExplicitGC -Dorg.neo4j.server.properties=conf/neo4j-server.properties -Djava.util.logging.config.file=conf/logging.properties -Dlog4j.configuration=file:conf/log4j.properties -XX:+UseConcMarkSweepGC -XX:+CMSClassUnloadingEnabled
Starting Neo4j Server...WARNING: not changing user
process [10504]... waiting for server to be ready.................... OK.
http://localhost:7474/ is ready.
Tue Apr 7 07:00:01 UTC 2015  Neo4j is running fine.
Tue Apr 7 07:30:02 UTC 2015  Neo4j is running fine.
Tue Apr 7 08:00:01 UTC 2015  Neo4j is running fine.
Tue Apr 7 08:30:01 UTC 2015  Neo4j is running fine.
Tue Apr 7 09:00:01 UTC 2015  Neo4j is running fine.
Tue Apr 7 09:30:01 UTC 2015  Neo4j is running fine.
Tue Apr 7 10:00:01 UTC 2015  Neo4j is running fine.
Tue Apr 7 10:30:01 UTC 2015  Neo4j is running fine.
Tue Apr 7 11:00:01 UTC 2015  Neo4j is running fine.
Tue Apr 7 11:30:01 UTC 2015  Neo4j is running fine.
Tue Apr 7 12:00:01 UTC 2015  Neo4j is running fine.
Tue Apr 7 12:30:01 UTC 2015  Neo4j is running fine.
Tue Apr 7 13:00:01 UTC 2015  Neo4j is running fine.
Tue Apr 7 13:30:01 UTC 2015  Neo4j is running fine.
Tue Apr 7 14:00:01 UTC 2015  Neo4j is running fine.
Tue Apr 7 14:30:01 UTC 2015  Neo4j is running fine.
Tue Apr 7 15:00:01 UTC 2015  Neo4j is running fine.
Tue Apr 7 15:30:01 UTC 2015  Neo4j is running fine.
Tue Apr 7 16:00:01 UTC 2015  Neo4j is running fine.
Tue Apr 7 16:30:01 UTC 2015  Neo4j is running fine.
Tue Apr 7 17:00:01 UTC 2015  Neo4j is running fine.
Tue Apr 7 17:30:01 UTC 2015  Neo4j is running fine.
Tue Apr 7 18:00:01 UTC 2015  Neo4j is running fine.
Tue Apr 7 18:30:01 UTC 2015  Neo4j is running fine.
Tue Apr 7 19:00:01 UTC 2015  Neo4j is running fine.
Tue Apr 7 19:30:01 UTC 2015  Neo4j is running fine.
Tue Apr 7 20:00:01 UTC 2015  Neo4j is running fine.
Tue Apr 7 20:30:01 UTC 2015  Neo4j is running fine.
Tue Apr 7 21:00:01 UTC 2015  Neo4j is running fine.
Tue Apr 7 21:30:02 UTC 2015  Neo4j is running fine.
Tue Apr 7 22:00:01 UTC 2015  Neo4j is running fine.
Tue Apr 7 22:30:01 UTC 2015  Neo4j is running fine.
Tue Apr 7 23:00:01 UTC 2015  Neo4j is running fine.
Tue Apr 7 23:30:01 UTC 2015  Neo4j is running fine.
Wed Apr 8 00:00:01 UTC 2015  Neo4j is running fine.
Wed Apr 8 00:30:01 UTC 2015  Neo4j is running fine.
Wed Apr 8 01:00:01 UTC 2015  Neo4j is running fine.
Wed Apr 8 01:30:01 UTC 2015  Neo4j is running fine.
Wed Apr 8 02:00:01 UTC 2015  Neo4j is running fine.
Wed Apr 8 02:30:01 UTC 2015  Neo4j is running fine.
Wed Apr 8 03:00:01 UTC 2015  Neo4j is running fine.
Wed Apr 8 03:30:02 UTC 2015  Neo4j is running fine.
Wed Apr 8 04:00:01 UTC 2015  Neo4j is running fine.
Wed Apr 8 04:30:01 UTC 2015  Neo4j is running fine.
Wed Apr 8 05:00:01 UTC 2015  Neo4j is running fine.
Wed Apr 8 05:30:01 UTC 2015  Neo4j is running fine.
Wed Apr 8 06:00:01 UTC 2015  Neo4j is running fine.
Wed Apr 8 06:30:01 UTC 2015  Neo4j is running fine.
Wed Apr 8 07:00:01 UTC 2015  Neo4j is NOT running, restarting.
WARNING: Max 1024 open files allowed, minimum of 40 000 recommended. See the Neo4j manual.
Using additional JVM arguments:  -server -XX:+DisableExplicitGC -Dorg.neo4j.server.properties=conf/neo4j-server.properties -Djava.util.logging.config.file=conf/logging.properties -Dlog4j.configuration=file:conf/log4j.properties -XX:+UseConcMarkSweepGC -XX:+CMSClassUnloadingEnabled
Starting Neo4j Server...WARNING: not changing user
process [14964]... waiting for server to be ready.................. OK.
http://localhost:7474/ is ready.
Wed Apr 8 07:30:01 UTC 2015  Neo4j is running fine.
Wed Apr 8 08:00:01 UTC 2015  Neo4j is running fine.
Wed Apr 8 08:30:01 UTC 2015  Neo4j is running fine.
Wed Apr 8 09:00:01 UTC 2015  Neo4j is running fine.
Wed Apr 8 09:30:01 UTC 2015  Neo4j is running fine.
Wed Apr 8 10:00:01 UTC 2015  Neo4j is running fine.
Wed Apr 8 10:30:01 UTC 2015  Neo4j is running fine.
Wed Apr 8 11:00:01 UTC 2015  Neo4j is running fine.
Wed Apr 8 11:30:01 UTC 2015  Neo4j is running fine.
Wed Apr 8 12:00:01 UTC 2015  Neo4j is running fine.
Wed Apr 8 12:30:01 UTC 2015  Neo4j is running fine.
Wed Apr 8 13:00:01 UTC 2015  Neo4j is running fine.
Wed Apr 8 13:30:01 UTC 2015  Neo4j is running fine.
Wed Apr 8 14:00:01 UTC 2015  Neo4j is running fine.
Wed Apr 8 14:30:01 UTC 2015  Neo4j is running fine.
Wed Apr 8 15:00:01 UTC 2015  Neo4j is running fine.
Wed Apr 8 15:30:01 UTC 2015  Neo4j is running fine.
Wed Apr 8 16:00:01 UTC 2015  Neo4j is running fine.
Wed Apr 8 16:30:01 UTC 2015  Neo4j is running fine.
Wed Apr 8 17:00:01 UTC 2015  Neo4j is running fine.
Wed Apr 8 17:30:01 UTC 2015  Neo4j is running fine.
Wed Apr 8 18:00:01 UTC 2015  Neo4j is running fine.
Wed Apr 8 18:30:01 UTC 2015  Neo4j is running fine.
Wed Apr 8 19:00:01 UTC 2015  Neo4j is running fine.
Wed Apr 8 19:30:01 UTC 2015  Neo4j is running fine.
Wed Apr 8 20:00:01 UTC 2015  Neo4j is running fine.
Wed Apr 8 20:30:01 UTC 2015  Neo4j is running fine.
Wed Apr 8 21:00:01 UTC 2015  Neo4j is running fine.
Wed Apr 8 21:30:01 UTC 2015  Neo4j is running fine.
Wed Apr 8 22:00:01 UTC 2015  Neo4j is running fine.
Wed Apr 8 22:30:01 UTC 2015  Neo4j is running fine.
Wed Apr 8 23:00:01 UTC 2015  Neo4j is running fine.
Wed Apr 8 23:30:01 UTC 2015  Neo4j is running fine.
Thu Apr 9 00:00:01 UTC 2015  Neo4j is running fine.
Thu Apr 9 00:30:01 UTC 2015  Neo4j is running fine.
Thu Apr 9 01:00:01 UTC 2015  Neo4j is running fine.
Thu Apr 9 01:30:01 UTC 2015  Neo4j is running fine.
Thu Apr 9 02:00:01 UTC 2015  Neo4j is running fine.
Thu Apr 9 02:30:01 UTC 2015  Neo4j is running fine.
Thu Apr 9 03:00:01 UTC 2015  Neo4j is running fine.
Thu Apr 9 03:30:01 UTC 2015  Neo4j is running fine.
Thu Apr 9 04:00:01 UTC 2015  Neo4j is running fine.
Thu Apr 9 04:30:01 UTC 2015  Neo4j is running fine.
Thu Apr 9 05:00:01 UTC 2015  Neo4j is running fine.
Thu Apr 9 05:30:02 UTC 2015  Neo4j is running fine.
Thu Apr 9 06:00:01 UTC 2015  Neo4j is running fine.
Thu Apr 9 06:30:01 UTC 2015  Neo4j is running fine.
Thu Apr 9 07:00:01 UTC 2015  Neo4j is running fine.
Thu Apr 9 07:30:01 UTC 2015  Neo4j is running fine.
Thu Apr 9 08:00:01 UTC 2015  Neo4j is running fine.
Thu Apr 9 08:30:01 UTC 2015  Neo4j is running fine.
Thu Apr 9 09:00:01 UTC 2015  Neo4j is running fine.
Thu Apr 9 09:30:01 UTC 2015  Neo4j is running fine.
Thu Apr 9 10:00:01 UTC 2015  Neo4j is running fine.
Thu Apr 9 10:30:01 UTC 2015  Neo4j is running fine.
Thu Apr 9 11:00:01 UTC 2015  Neo4j is running fine.
Thu Apr 9 11:30:01 UTC 2015  Neo4j is running fine.
Thu Apr 9 12:00:01 UTC 2015  Neo4j is running fine.
Thu Apr 9 12:30:01 UTC 2015  Neo4j is running fine.
Thu Apr 9 13:00:01 UTC 2015  Neo4j is running fine.
Thu Apr 9 13:30:01 UTC 2015  Neo4j is running fine.
Thu Apr 9 14:00:01 UTC 2015  Neo4j is running fine.
Thu Apr 9 14:30:01 UTC 2015  Neo4j is running fine.
Thu Apr 9 15:00:01 UTC 2015  Neo4j is running fine.
Thu Apr 9 15:30:02 UTC 2015  Neo4j is running fine.
Thu Apr 9 16:00:01 UTC 2015  Neo4j is running fine.
Thu Apr 9 16:30:01 UTC 2015  Neo4j is running fine.
Thu Apr 9 17:00:01 UTC 2015  Neo4j is running fine.
Thu Apr 9 17:30:01 UTC 2015  Neo4j is running fine.
Thu Apr 9 18:00:01 UTC 2015  Neo4j is running fine.
Thu Apr 9 18:30:01 UTC 2015  Neo4j is running fine.
Thu Apr 9 19:00:01 UTC 2015  Neo4j is running fine.
Thu Apr 9 19:30:01 UTC 2015  Neo4j is running fine.
Thu Apr 9 20:00:01 UTC 2015  Neo4j is running fine.
Thu Apr 9 20:30:01 UTC 2015  Neo4j is running fine.
Thu Apr 9 21:00:01 UTC 2015  Neo4j is running fine.
Thu Apr 9 21:30:01 UTC 2015  Neo4j is running fine.
Thu Apr 9 22:00:01 UTC 2015  Neo4j is running fine.
Thu Apr 9 22:30:01 UTC 2015  Neo4j is running fine.
Thu Apr 9 23:00:01 UTC 2015  Neo4j is running fine.
Thu Apr 9 23:30:01 UTC 2015  Neo4j is running fine.
Fri Apr 10 00:00:01 UTC 2015  Neo4j is running fine.
Fri Apr 10 00:30:01 UTC 2015  Neo4j is running fine.
Fri Apr 10 01:00:01 UTC 2015  Neo4j is running fine.
Fri Apr 10 01:30:01 UTC 2015  Neo4j is running fine.
Fri Apr 10 02:00:01 UTC 2015  Neo4j is running fine.
Fri Apr 10 02:30:01 UTC 2015  Neo4j is running fine.
Fri Apr 10 03:00:01 UTC 2015  Neo4j is running fine.
Fri Apr 10 03:30:01 UTC 2015  Neo4j is running fine.
Fri Apr 10 04:00:01 UTC 2015  Neo4j is running fine.
Fri Apr 10 04:30:01 UTC 2015  Neo4j is running fine.
Fri Apr 10 05:00:01 UTC 2015  Neo4j is running fine.
Fri Apr 10 05:30:01 UTC 2015  Neo4j is running fine.
Fri Apr 10 06:00:01 UTC 2015  Neo4j is running fine.
Fri Apr 10 06:30:01 UTC 2015  Neo4j is running fine.
Fri Apr 10 07:00:01 UTC 2015  Neo4j is running fine.
Fri Apr 10 07:30:01 UTC 2015  Neo4j is running fine.
Fri Apr 10 08:00:01 UTC 2015  Neo4j is running fine.
Fri Apr 10 08:30:01 UTC 2015  Neo4j is running fine.
Fri Apr 10 09:00:01 UTC 2015  Neo4j is running fine.
Fri Apr 10 09:30:01 UTC 2015  Neo4j is running fine.
Fri Apr 10 10:00:01 UTC 2015  Neo4j is running fine.
Fri Apr 10 10:30:01 UTC 2015  Neo4j is running fine.
Fri Apr 10 11:00:01 UTC 2015  Neo4j is running fine.
Fri Apr 10 11:30:01 UTC 2015  Neo4j is running fine.
Fri Apr 10 12:00:01 UTC 2015  Neo4j is running fine.
Fri Apr 10 12:30:01 UTC 2015  Neo4j is running fine.
Fri Apr 10 13:00:01 UTC 2015  Neo4j is running fine.
Fri Apr 10 13:30:01 UTC 2015  Neo4j is running fine.
Fri Apr 10 14:00:01 UTC 2015  Neo4j is running fine.
Fri Apr 10 14:30:01 UTC 2015  Neo4j is running fine.
Fri Apr 10 15:00:01 UTC 2015  Neo4j is running fine.
Fri Apr 10 15:30:01 UTC 2015  Neo4j is running fine.
Fri Apr 10 16:00:01 UTC 2015  Neo4j is running fine.
Fri Apr 10 16:30:01 UTC 2015  Neo4j is running fine.
Fri Apr 10 17:00:01 UTC 2015  Neo4j is running fine.
Fri Apr 10 17:30:01 UTC 2015  Neo4j is running fine.
Fri Apr 10 18:00:01 UTC 2015  Neo4j is running fine.
Fri Apr 10 18:30:01 UTC 2015  Neo4j is running fine.
Fri Apr 10 19:00:01 UTC 2015  Neo4j is running fine.
Fri Apr 10 19:30:01 UTC 2015  Neo4j is running fine.
Fri Apr 10 20:00:01 UTC 2015  Neo4j is running fine.
Fri Apr 10 20:30:01 UTC 2015  Neo4j is running fine.
Fri Apr 10 21:00:01 UTC 2015  Neo4j is running fine.
Fri Apr 10 21:30:02 UTC 2015  Neo4j is running fine.
Fri Apr 10 22:00:01 UTC 2015  Neo4j is running fine.
Fri Apr 10 22:30:01 UTC 2015  Neo4j is running fine.
Fri Apr 10 23:00:01 UTC 2015  Neo4j is running fine.
Fri Apr 10 23:30:01 UTC 2015  Neo4j is running fine.
Sat Apr 11 00:00:01 UTC 2015  Neo4j is running fine.
Sat Apr 11 00:30:01 UTC 2015  Neo4j is running fine.
Sat Apr 11 01:00:01 UTC 2015  Neo4j is running fine.
Sat Apr 11 01:30:01 UTC 2015  Neo4j is running fine.
Sat Apr 11 02:00:01 UTC 2015  Neo4j is running fine.
Sat Apr 11 02:30:01 UTC 2015  Neo4j is running fine.
Sat Apr 11 03:00:01 UTC 2015  Neo4j is running fine.
Sat Apr 11 03:30:01 UTC 2015  Neo4j is running fine.
Sat Apr 11 04:00:01 UTC 2015  Neo4j is running fine.
Sat Apr 11 04:30:01 UTC 2015  Neo4j is running fine.
Sat Apr 11 05:00:01 UTC 2015  Neo4j is running fine.
Sat Apr 11 05:30:01 UTC 2015  Neo4j is running fine.
Sat Apr 11 06:00:01 UTC 2015  Neo4j is running fine.
Sat Apr 11 06:30:01 UTC 2015  Neo4j is running fine.
Sat Apr 11 07:00:01 UTC 2015  Neo4j is running fine.
Sat Apr 11 07:30:01 UTC 2015  Neo4j is running fine.
Sat Apr 11 08:00:01 UTC 2015  Neo4j is running fine.
Sat Apr 11 08:30:01 UTC 2015  Neo4j is running fine.
Sat Apr 11 09:00:01 UTC 2015  Neo4j is running fine.
Sat Apr 11 09:30:01 UTC 2015  Neo4j is running fine.
Sat Apr 11 10:00:01 UTC 2015  Neo4j is running fine.
Sat Apr 11 10:30:01 UTC 2015  Neo4j is running fine.
Sat Apr 11 11:00:01 UTC 2015  Neo4j is running fine.
Sat Apr 11 11:30:01 UTC 2015  Neo4j is running fine.
Sat Apr 11 12:00:01 UTC 2015  Neo4j is running fine.
Sat Apr 11 12:30:01 UTC 2015  Neo4j is running fine.
Sat Apr 11 13:00:01 UTC 2015  Neo4j is running fine.
Sat Apr 11 13:30:01 UTC 2015  Neo4j is running fine.
Sat Apr 11 14:00:01 UTC 2015  Neo4j is running fine.
Sat Apr 11 14:30:01 UTC 2015  Neo4j is running fine.
Sat Apr 11 15:00:01 UTC 2015  Neo4j is running fine.
Sat Apr 11 15:30:01 UTC 2015  Neo4j is running fine.
Sat Apr 11 16:00:01 UTC 2015  Neo4j is running fine.
Sat Apr 11 16:30:01 UTC 2015  Neo4j is running fine.
Sat Apr 11 17:00:01 UTC 2015  Neo4j is running fine.
Sat Apr 11 17:30:01 UTC 2015  Neo4j is running fine.
Sat Apr 11 18:00:01 UTC 2015  Neo4j is running fine.
Sat Apr 11 18:30:01 UTC 2015  Neo4j is running fine.
Sat Apr 11 19:00:01 UTC 2015  Neo4j is running fine.
Sat Apr 11 19:30:01 UTC 2015  Neo4j is running fine.
Sat Apr 11 20:00:01 UTC 2015  Neo4j is running fine.
Sat Apr 11 20:30:01 UTC 2015  Neo4j is running fine.
Sat Apr 11 21:00:01 UTC 2015  Neo4j is running fine.
Sat Apr 11 21:30:01 UTC 2015  Neo4j is running fine.
Sat Apr 11 22:00:01 UTC 2015  Neo4j is running fine.
Sat Apr 11 22:30:01 UTC 2015  Neo4j is running fine.
Sat Apr 11 23:00:01 UTC 2015  Neo4j is running fine.
Sat Apr 11 23:30:01 UTC 2015  Neo4j is running fine.
Sun Apr 12 00:00:01 UTC 2015  Neo4j is running fine.
Sun Apr 12 00:30:01 UTC 2015  Neo4j is running fine.
Sun Apr 12 01:00:01 UTC 2015  Neo4j is running fine.
Sun Apr 12 01:30:01 UTC 2015  Neo4j is running fine.
Sun Apr 12 02:00:01 UTC 2015  Neo4j is running fine.
Sun Apr 12 02:30:01 UTC 2015  Neo4j is running fine.
Sun Apr 12 03:00:01 UTC 2015  Neo4j is running fine.
Sun Apr 12 03:30:01 UTC 2015  Neo4j is running fine.
Sun Apr 12 04:00:01 UTC 2015  Neo4j is running fine.
Sun Apr 12 04:30:01 UTC 2015  Neo4j is running fine.
Sun Apr 12 05:00:01 UTC 2015  Neo4j is running fine.
Sun Apr 12 05:30:01 UTC 2015  Neo4j is running fine.
Sun Apr 12 06:00:01 UTC 2015  Neo4j is running fine.
Sun Apr 12 07:00:01 UTC 2015  Neo4j is NOT running, restarting.
WARNING: Max 1024 open files allowed, minimum of 40 000 recommended. See the Neo4j manual.
Using additional JVM arguments:  -server -XX:+DisableExplicitGC -Dorg.neo4j.server.properties=conf/neo4j-server.properties -Djava.util.logging.config.file=conf/logging.properties -Dlog4j.configuration=file:conf/log4j.properties -XX:+UseConcMarkSweepGC -XX:+CMSClassUnloadingEnabled
Starting Neo4j Server...WARNING: not changing user
process [15325]... waiting for server to be ready.......................... OK.
http://localhost:7474/ is ready.
Sun Apr 12 07:30:01 UTC 2015  Neo4j is running fine.
Sun Apr 12 08:00:01 UTC 2015  Neo4j is running fine.
Sun Apr 12 08:30:01 UTC 2015  Neo4j is running fine.
Sun Apr 12 09:00:01 UTC 2015  Neo4j is running fine.
Sun Apr 12 09:30:01 UTC 2015  Neo4j is running fine.
Sun Apr 12 10:00:01 UTC 2015  Neo4j is running fine.
Sun Apr 12 10:30:01 UTC 2015  Neo4j is running fine.
Sun Apr 12 11:00:01 UTC 2015  Neo4j is running fine.
Sun Apr 12 11:30:01 UTC 2015  Neo4j is running fine.
Sun Apr 12 12:00:01 UTC 2015  Neo4j is running fine.
Sun Apr 12 12:30:01 UTC 2015  Neo4j is running fine.
Sun Apr 12 13:00:01 UTC 2015  Neo4j is running fine.
Sun Apr 12 13:30:01 UTC 2015  Neo4j is running fine.
Sun Apr 12 14:00:01 UTC 2015  Neo4j is running fine.
Sun Apr 12 14:30:02 UTC 2015  Neo4j is running fine.
Sun Apr 12 15:00:01 UTC 2015  Neo4j is running fine.
Sun Apr 12 15:30:01 UTC 2015  Neo4j is running fine.
Sun Apr 12 16:00:01 UTC 2015  Neo4j is running fine.
Sun Apr 12 16:30:01 UTC 2015  Neo4j is running fine.
Sun Apr 12 17:00:01 UTC 2015  Neo4j is running fine.
Sun Apr 12 17:30:01 UTC 2015  Neo4j is running fine.
Sun Apr 12 18:00:01 UTC 2015  Neo4j is running fine.
Sun Apr 12 18:30:01 UTC 2015  Neo4j is running fine.
Sun Apr 12 19:00:01 UTC 2015  Neo4j is running fine.
Sun Apr 12 19:30:01 UTC 2015  Neo4j is running fine.
Sun Apr 12 20:00:01 UTC 2015  Neo4j is running fine.
Sun Apr 12 20:30:01 UTC 2015  Neo4j is running fine.
Sun Apr 12 21:00:01 UTC 2015  Neo4j is running fine.
Sun Apr 12 21:30:01 UTC 2015  Neo4j is running fine.
Sun Apr 12 22:00:01 UTC 2015  Neo4j is running fine.
Sun Apr 12 22:30:01 UTC 2015  Neo4j is running fine.
Sun Apr 12 23:00:01 UTC 2015  Neo4j is running fine.
Sun Apr 12 23:30:01 UTC 2015  Neo4j is running fine.
Mon Apr 13 00:00:01 UTC 2015  Neo4j is running fine.
Mon Apr 13 00:30:01 UTC 2015  Neo4j is running fine.
Mon Apr 13 01:00:01 UTC 2015  Neo4j is running fine.
Mon Apr 13 01:30:01 UTC 2015  Neo4j is running fine.
Mon Apr 13 02:00:01 UTC 2015  Neo4j is running fine.
Mon Apr 13 02:30:01 UTC 2015  Neo4j is running fine.
Mon Apr 13 03:00:01 UTC 2015  Neo4j is running fine.
Mon Apr 13 03:30:01 UTC 2015  Neo4j is running fine.
Mon Apr 13 04:00:01 UTC 2015  Neo4j is running fine.
Mon Apr 13 04:30:01 UTC 2015  Neo4j is running fine.
Mon Apr 13 05:00:01 UTC 2015  Neo4j is running fine.
Mon Apr 13 05:30:01 UTC 2015  Neo4j is running fine.
Mon Apr 13 06:00:01 UTC 2015  Neo4j is running fine.
Mon Apr 13 06:30:01 UTC 2015  Neo4j is running fine.
Mon Apr 13 07:00:01 UTC 2015  Neo4j is running fine.
Mon Apr 13 07:30:01 UTC 2015  Neo4j is running fine.
Mon Apr 13 08:00:01 UTC 2015  Neo4j is running fine.
Mon Apr 13 08:30:01 UTC 2015  Neo4j is running fine.
Mon Apr 13 09:00:01 UTC 2015  Neo4j is running fine.
Mon Apr 13 09:30:01 UTC 2015  Neo4j is running fine.
Mon Apr 13 10:00:01 UTC 2015  Neo4j is running fine.
Mon Apr 13 10:30:01 UTC 2015  Neo4j is running fine.
Mon Apr 13 11:00:01 UTC 2015  Neo4j is running fine.
Mon Apr 13 11:30:01 UTC 2015  Neo4j is running fine.
Mon Apr 13 12:00:01 UTC 2015  Neo4j is running fine.
Mon Apr 13 12:30:01 UTC 2015  Neo4j is running fine.
Mon Apr 13 13:00:01 UTC 2015  Neo4j is running fine.
Mon Apr 13 13:30:01 UTC 2015  Neo4j is running fine.
Mon Apr 13 14:00:01 UTC 2015  Neo4j is running fine.
Mon Apr 13 14:30:01 UTC 2015  Neo4j is running fine.
Mon Apr 13 15:00:01 UTC 2015  Neo4j is running fine.
Mon Apr 13 15:30:01 UTC 2015  Neo4j is running fine.
Mon Apr 13 16:00:01 UTC 2015  Neo4j is running fine.
Mon Apr 13 16:30:02 UTC 2015  Neo4j is running fine.
Mon Apr 13 17:00:01 UTC 2015  Neo4j is running fine.
Mon Apr 13 17:30:01 UTC 2015  Neo4j is running fine.
Mon Apr 13 18:00:01 UTC 2015  Neo4j is running fine.
Mon Apr 13 18:30:01 UTC 2015  Neo4j is running fine.
Mon Apr 13 19:00:01 UTC 2015  Neo4j is running fine.
Mon Apr 13 19:30:01 UTC 2015  Neo4j is running fine.
Mon Apr 13 20:00:01 UTC 2015  Neo4j is running fine.
Mon Apr 13 20:30:01 UTC 2015  Neo4j is running fine.
Mon Apr 13 21:00:01 UTC 2015  Neo4j is running fine.
Mon Apr 13 21:30:01 UTC 2015  Neo4j is running fine.
Mon Apr 13 22:00:01 UTC 2015  Neo4j is running fine.
Mon Apr 13 22:30:02 UTC 2015  Neo4j is running fine.
Mon Apr 13 23:00:01 UTC 2015  Neo4j is running fine.
Mon Apr 13 23:30:01 UTC 2015  Neo4j is running fine.
Tue Apr 14 00:00:01 UTC 2015  Neo4j is running fine.
Tue Apr 14 00:30:01 UTC 2015  Neo4j is running fine.
Tue Apr 14 01:00:01 UTC 2015  Neo4j is running fine.
Tue Apr 14 01:30:01 UTC 2015  Neo4j is running fine.
Tue Apr 14 02:00:01 UTC 2015  Neo4j is running fine.
Tue Apr 14 02:30:01 UTC 2015  Neo4j is running fine.
Tue Apr 14 03:00:01 UTC 2015  Neo4j is NOT running, restarting.
WARNING: Max 1024 open files allowed, minimum of 40 000 recommended. See the Neo4j manual.
Using additional JVM arguments:  -server -XX:+DisableExplicitGC -Dorg.neo4j.server.properties=conf/neo4j-server.properties -Djava.util.logging.config.file=conf/logging.properties -Dlog4j.configuration=file:conf/log4j.properties -XX:+UseConcMarkSweepGC -XX:+CMSClassUnloadingEnabled
Starting Neo4j Server...WARNING: not changing user
process [23026]... waiting for server to be ready................... OK.
http://localhost:7474/ is ready.
Tue Apr 14 03:30:01 UTC 2015  Neo4j is running fine.
Tue Apr 14 04:00:01 UTC 2015  Neo4j is running fine.
Tue Apr 14 04:30:01 UTC 2015  Neo4j is running fine.
Tue Apr 14 05:00:01 UTC 2015  Neo4j is running fine.
Tue Apr 14 05:30:01 UTC 2015  Neo4j is running fine.
Tue Apr 14 06:00:01 UTC 2015  Neo4j is running fine.
Tue Apr 14 06:30:01 UTC 2015  Neo4j is running fine.
Tue Apr 14 07:00:01 UTC 2015  Neo4j is running fine.
Tue Apr 14 07:30:01 UTC 2015  Neo4j is running fine.
Tue Apr 14 08:00:01 UTC 2015  Neo4j is running fine.
Tue Apr 14 08:30:01 UTC 2015  Neo4j is running fine.
Tue Apr 14 09:00:01 UTC 2015  Neo4j is running fine.
Tue Apr 14 09:30:01 UTC 2015  Neo4j is running fine.
Tue Apr 14 10:00:01 UTC 2015  Neo4j is running fine.
Tue Apr 14 10:30:01 UTC 2015  Neo4j is running fine.
Tue Apr 14 11:00:01 UTC 2015  Neo4j is running fine.
Tue Apr 14 11:30:01 UTC 2015  Neo4j is running fine.
Tue Apr 14 12:00:01 UTC 2015  Neo4j is running fine.
Tue Apr 14 12:30:01 UTC 2015  Neo4j is running fine.
Tue Apr 14 13:00:01 UTC 2015  Neo4j is running fine.
Tue Apr 14 13:30:01 UTC 2015  Neo4j is running fine.
Tue Apr 14 14:00:01 UTC 2015  Neo4j is running fine.
Tue Apr 14 14:30:01 UTC 2015  Neo4j is running fine.
Tue Apr 14 15:00:01 UTC 2015  Neo4j is running fine.
Tue Apr 14 15:30:01 UTC 2015  Neo4j is running fine.
Tue Apr 14 16:00:01 UTC 2015  Neo4j is running fine.
Tue Apr 14 16:30:01 UTC 2015  Neo4j is running fine.
Tue Apr 14 17:00:01 UTC 2015  Neo4j is running fine.
Tue Apr 14 17:30:01 UTC 2015  Neo4j is running fine.
Tue Apr 14 18:00:01 UTC 2015  Neo4j is running fine.
Tue Apr 14 18:30:01 UTC 2015  Neo4j is running fine.
Tue Apr 14 19:00:01 UTC 2015  Neo4j is running fine.
Tue Apr 14 19:30:01 UTC 2015  Neo4j is running fine.
Tue Apr 14 20:00:01 UTC 2015  Neo4j is running fine.
Tue Apr 14 20:30:02 UTC 2015  Neo4j is running fine.
Tue Apr 14 21:00:01 UTC 2015  Neo4j is running fine.
Tue Apr 14 21:30:01 UTC 2015  Neo4j is running fine.
Tue Apr 14 22:00:01 UTC 2015  Neo4j is running fine.
Tue Apr 14 22:30:01 UTC 2015  Neo4j is running fine.
Tue Apr 14 23:00:01 UTC 2015  Neo4j is running fine.
Tue Apr 14 23:30:01 UTC 2015  Neo4j is running fine.
Wed Apr 15 00:00:01 UTC 2015  Neo4j is running fine.
Wed Apr 15 00:30:01 UTC 2015  Neo4j is running fine.
Wed Apr 15 01:00:01 UTC 2015  Neo4j is running fine.
Wed Apr 15 01:30:01 UTC 2015  Neo4j is running fine.
Wed Apr 15 02:00:01 UTC 2015  Neo4j is running fine.
Wed Apr 15 02:30:01 UTC 2015  Neo4j is running fine.
Wed Apr 15 03:00:01 UTC 2015  Neo4j is running fine.
Wed Apr 15 03:30:01 UTC 2015  Neo4j is running fine.
Wed Apr 15 04:00:01 UTC 2015  Neo4j is running fine.
Wed Apr 15 04:30:01 UTC 2015  Neo4j is running fine.
Wed Apr 15 05:00:01 UTC 2015  Neo4j is running fine.
Wed Apr 15 05:30:01 UTC 2015  Neo4j is running fine.
Wed Apr 15 06:00:01 UTC 2015  Neo4j is running fine.
Wed Apr 15 06:30:01 UTC 2015  Neo4j is running fine.
Wed Apr 15 07:00:01 UTC 2015  Neo4j is running fine.
Wed Apr 15 07:30:01 UTC 2015  Neo4j is running fine.
Wed Apr 15 08:00:01 UTC 2015  Neo4j is running fine.
Wed Apr 15 08:30:01 UTC 2015  Neo4j is running fine.
Wed Apr 15 09:00:01 UTC 2015  Neo4j is running fine.
Wed Apr 15 09:30:01 UTC 2015  Neo4j is running fine.
Wed Apr 15 10:00:01 UTC 2015  Neo4j is running fine.
Wed Apr 15 10:30:02 UTC 2015  Neo4j is running fine.
Wed Apr 15 11:00:01 UTC 2015  Neo4j is running fine.
Wed Apr 15 11:30:01 UTC 2015  Neo4j is running fine.
Wed Apr 15 12:00:01 UTC 2015  Neo4j is running fine.
Wed Apr 15 12:30:01 UTC 2015  Neo4j is running fine.
Wed Apr 15 13:00:01 UTC 2015  Neo4j is running fine.
Wed Apr 15 13:30:01 UTC 2015  Neo4j is running fine.
Wed Apr 15 14:00:01 UTC 2015  Neo4j is running fine.
Wed Apr 15 14:30:01 UTC 2015  Neo4j is running fine.
Wed Apr 15 15:00:01 UTC 2015  Neo4j is running fine.
Wed Apr 15 15:30:01 UTC 2015  Neo4j is running fine.
Wed Apr 15 16:00:01 UTC 2015  Neo4j is running fine.
Wed Apr 15 16:30:01 UTC 2015  Neo4j is running fine.
Wed Apr 15 17:00:01 UTC 2015  Neo4j is running fine.
Wed Apr 15 17:30:01 UTC 2015  Neo4j is running fine.
Wed Apr 15 18:00:01 UTC 2015  Neo4j is running fine.
Wed Apr 15 18:30:01 UTC 2015  Neo4j is running fine.
Wed Apr 15 19:00:01 UTC 2015  Neo4j is running fine.
Wed Apr 15 19:30:01 UTC 2015  Neo4j is running fine.
Wed Apr 15 20:00:01 UTC 2015  Neo4j is running fine.
Wed Apr 15 20:30:01 UTC 2015  Neo4j is running fine.
Wed Apr 15 21:00:01 UTC 2015  Neo4j is running fine.
Wed Apr 15 21:30:01 UTC 2015  Neo4j is running fine.
Wed Apr 15 22:00:01 UTC 2015  Neo4j is running fine.
Wed Apr 15 22:30:01 UTC 2015  Neo4j is running fine.
Wed Apr 15 23:00:01 UTC 2015  Neo4j is running fine.
Wed Apr 15 23:30:01 UTC 2015  Neo4j is running fine.
Thu Apr 16 00:00:01 UTC 2015  Neo4j is running fine.
Thu Apr 16 00:30:01 UTC 2015  Neo4j is running fine.
Thu Apr 16 01:00:01 UTC 2015  Neo4j is running fine.
Thu Apr 16 01:30:01 UTC 2015  Neo4j is running fine.
Thu Apr 16 02:00:01 UTC 2015  Neo4j is running fine.
Thu Apr 16 02:30:01 UTC 2015  Neo4j is running fine.
Thu Apr 16 03:00:01 UTC 2015  Neo4j is running fine.
Thu Apr 16 03:30:01 UTC 2015  Neo4j is running fine.
Thu Apr 16 04:00:01 UTC 2015  Neo4j is running fine.
Thu Apr 16 04:30:01 UTC 2015  Neo4j is running fine.
Thu Apr 16 05:00:01 UTC 2015  Neo4j is running fine.
Thu Apr 16 05:30:01 UTC 2015  Neo4j is running fine.
Thu Apr 16 06:00:01 UTC 2015  Neo4j is running fine.
Thu Apr 16 06:30:01 UTC 2015  Neo4j is running fine.
Thu Apr 16 07:00:01 UTC 2015  Neo4j is running fine.
Thu Apr 16 07:30:01 UTC 2015  Neo4j is running fine.
Thu Apr 16 08:00:01 UTC 2015  Neo4j is running fine.
Thu Apr 16 08:30:01 UTC 2015  Neo4j is running fine.
Thu Apr 16 09:00:01 UTC 2015  Neo4j is running fine.
Thu Apr 16 09:30:01 UTC 2015  Neo4j is running fine.
Thu Apr 16 10:00:01 UTC 2015  Neo4j is running fine.
Thu Apr 16 10:30:01 UTC 2015  Neo4j is running fine.
Thu Apr 16 11:00:01 UTC 2015  Neo4j is running fine.
Thu Apr 16 11:30:01 UTC 2015  Neo4j is running fine.
Thu Apr 16 12:00:01 UTC 2015  Neo4j is running fine.
Thu Apr 16 12:30:01 UTC 2015  Neo4j is running fine.
Thu Apr 16 13:00:01 UTC 2015  Neo4j is running fine.
Thu Apr 16 13:30:01 UTC 2015  Neo4j is running fine.
Thu Apr 16 14:00:01 UTC 2015  Neo4j is running fine.
Thu Apr 16 14:30:01 UTC 2015  Neo4j is running fine.
Thu Apr 16 15:00:01 UTC 2015  Neo4j is running fine.
Thu Apr 16 15:30:01 UTC 2015  Neo4j is running fine.
Thu Apr 16 16:00:01 UTC 2015  Neo4j is running fine.
Thu Apr 16 16:30:02 UTC 2015  Neo4j is running fine.
Thu Apr 16 17:00:01 UTC 2015  Neo4j is running fine.
Thu Apr 16 17:30:01 UTC 2015  Neo4j is running fine.
Thu Apr 16 18:00:02 UTC 2015  Neo4j is running fine.
Thu Apr 16 18:30:01 UTC 2015  Neo4j is running fine.
Thu Apr 16 19:00:02 UTC 2015  Neo4j is running fine.
Thu Apr 16 19:30:01 UTC 2015  Neo4j is running fine.
Thu Apr 16 20:00:01 UTC 2015  Neo4j is running fine.
Thu Apr 16 20:30:01 UTC 2015  Neo4j is running fine.
Thu Apr 16 21:00:01 UTC 2015  Neo4j is running fine.
Thu Apr 16 21:30:01 UTC 2015  Neo4j is running fine.
Thu Apr 16 22:00:01 UTC 2015  Neo4j is running fine.
Thu Apr 16 22:30:01 UTC 2015  Neo4j is running fine.
Thu Apr 16 23:00:01 UTC 2015  Neo4j is running fine.
Thu Apr 16 23:30:01 UTC 2015  Neo4j is running fine.
Fri Apr 17 00:00:01 UTC 2015  Neo4j is running fine.
Fri Apr 17 00:30:01 UTC 2015  Neo4j is running fine.
Fri Apr 17 01:00:01 UTC 2015  Neo4j is running fine.
Fri Apr 17 01:30:01 UTC 2015  Neo4j is running fine.
Fri Apr 17 02:00:01 UTC 2015  Neo4j is running fine.
Fri Apr 17 02:30:01 UTC 2015  Neo4j is running fine.
Fri Apr 17 03:00:01 UTC 2015  Neo4j is running fine.
Fri Apr 17 03:30:01 UTC 2015  Neo4j is running fine.
Fri Apr 17 04:00:02 UTC 2015  Neo4j is running fine.
Fri Apr 17 04:30:01 UTC 2015  Neo4j is running fine.
Fri Apr 17 05:00:01 UTC 2015  Neo4j is running fine.
Fri Apr 17 05:30:01 UTC 2015  Neo4j is running fine.
Fri Apr 17 06:00:01 UTC 2015  Neo4j is running fine.
Fri Apr 17 06:30:01 UTC 2015  Neo4j is running fine.
Fri Apr 17 07:00:01 UTC 2015  Neo4j is running fine.
Fri Apr 17 07:30:01 UTC 2015  Neo4j is running fine.
Fri Apr 17 08:00:01 UTC 2015  Neo4j is running fine.
Fri Apr 17 08:30:01 UTC 2015  Neo4j is running fine.
Fri Apr 17 09:00:01 UTC 2015  Neo4j is running fine.
Fri Apr 17 09:30:01 UTC 2015  Neo4j is running fine.
Fri Apr 17 10:00:01 UTC 2015  Neo4j is running fine.
Fri Apr 17 10:30:01 UTC 2015  Neo4j is running fine.
Fri Apr 17 11:00:01 UTC 2015  Neo4j is running fine.
Fri Apr 17 11:30:01 UTC 2015  Neo4j is running fine.
Fri Apr 17 12:00:01 UTC 2015  Neo4j is running fine.
Fri Apr 17 12:30:01 UTC 2015  Neo4j is running fine.
Fri Apr 17 13:00:01 UTC 2015  Neo4j is running fine.
Fri Apr 17 13:30:01 UTC 2015  Neo4j is running fine.
Fri Apr 17 14:00:02 UTC 2015  Neo4j is running fine.
Fri Apr 17 14:30:01 UTC 2015  Neo4j is running fine.
Fri Apr 17 15:00:01 UTC 2015  Neo4j is running fine.
Fri Apr 17 15:30:01 UTC 2015  Neo4j is running fine.
Fri Apr 17 16:00:01 UTC 2015  Neo4j is running fine.
Fri Apr 17 16:30:01 UTC 2015  Neo4j is running fine.
Fri Apr 17 17:00:01 UTC 2015  Neo4j is running fine.
Fri Apr 17 17:30:01 UTC 2015  Neo4j is running fine.
Fri Apr 17 18:00:01 UTC 2015  Neo4j is running fine.
Fri Apr 17 18:30:01 UTC 2015  Neo4j is running fine.
Fri Apr 17 19:00:01 UTC 2015  Neo4j is running fine.
Fri Apr 17 19:30:01 UTC 2015  Neo4j is running fine.
Fri Apr 17 20:00:01 UTC 2015  Neo4j is running fine.
Fri Apr 17 20:30:01 UTC 2015  Neo4j is running fine.
Fri Apr 17 21:00:01 UTC 2015  Neo4j is running fine.
Fri Apr 17 21:30:01 UTC 2015  Neo4j is running fine.
Fri Apr 17 22:00:01 UTC 2015  Neo4j is running fine.
Fri Apr 17 22:30:01 UTC 2015  Neo4j is running fine.
Fri Apr 17 23:00:01 UTC 2015  Neo4j is running fine.
Fri Apr 17 23:30:01 UTC 2015  Neo4j is running fine.
Sat Apr 18 00:00:01 UTC 2015  Neo4j is running fine.
Sat Apr 18 00:30:01 UTC 2015  Neo4j is running fine.
Sat Apr 18 01:00:01 UTC 2015  Neo4j is running fine.
Sat Apr 18 01:30:01 UTC 2015  Neo4j is running fine.
Sat Apr 18 02:00:01 UTC 2015  Neo4j is running fine.
Sat Apr 18 02:30:01 UTC 2015  Neo4j is running fine.
Sat Apr 18 03:00:01 UTC 2015  Neo4j is running fine.
Sat Apr 18 03:30:01 UTC 2015  Neo4j is running fine.
Sat Apr 18 04:00:01 UTC 2015  Neo4j is running fine.
Sat Apr 18 04:30:01 UTC 2015  Neo4j is running fine.
Sat Apr 18 05:00:01 UTC 2015  Neo4j is running fine.
Sat Apr 18 05:30:01 UTC 2015  Neo4j is running fine.
Sat Apr 18 06:00:01 UTC 2015  Neo4j is running fine.
Sat Apr 18 06:30:01 UTC 2015  Neo4j is running fine.
Sat Apr 18 07:00:01 UTC 2015  Neo4j is running fine.
Sat Apr 18 07:30:01 UTC 2015  Neo4j is running fine.
Sat Apr 18 08:00:01 UTC 2015  Neo4j is running fine.
Sat Apr 18 08:30:01 UTC 2015  Neo4j is running fine.
Sat Apr 18 09:00:02 UTC 2015  Neo4j is running fine.
Sat Apr 18 09:30:01 UTC 2015  Neo4j is running fine.
Sat Apr 18 10:00:01 UTC 2015  Neo4j is running fine.
Sat Apr 18 10:30:01 UTC 2015  Neo4j is running fine.
Sat Apr 18 11:00:01 UTC 2015  Neo4j is running fine.
Sat Apr 18 11:30:01 UTC 2015  Neo4j is running fine.
Sat Apr 18 12:00:01 UTC 2015  Neo4j is running fine.
Sat Apr 18 12:30:01 UTC 2015  Neo4j is running fine.
Sat Apr 18 13:00:01 UTC 2015  Neo4j is running fine.
Sat Apr 18 13:30:01 UTC 2015  Neo4j is running fine.
Sat Apr 18 14:00:01 UTC 2015  Neo4j is running fine.
Sat Apr 18 14:30:01 UTC 2015  Neo4j is running fine.
Sat Apr 18 15:00:01 UTC 2015  Neo4j is running fine.
Sat Apr 18 15:30:01 UTC 2015  Neo4j is running fine.
Sat Apr 18 16:00:01 UTC 2015  Neo4j is running fine.
Sat Apr 18 16:30:01 UTC 2015  Neo4j is running fine.
Sat Apr 18 17:00:01 UTC 2015  Neo4j is running fine.
Sat Apr 18 17:30:01 UTC 2015  Neo4j is running fine.
Sat Apr 18 18:00:01 UTC 2015  Neo4j is running fine.
Sat Apr 18 18:30:01 UTC 2015  Neo4j is running fine.
Sat Apr 18 19:00:01 UTC 2015  Neo4j is running fine.
Sat Apr 18 19:30:01 UTC 2015  Neo4j is running fine.
Sat Apr 18 20:00:01 UTC 2015  Neo4j is running fine.
Sat Apr 18 20:30:01 UTC 2015  Neo4j is running fine.
Sat Apr 18 21:00:01 UTC 2015  Neo4j is running fine.
Sat Apr 18 21:30:01 UTC 2015  Neo4j is running fine.
Sat Apr 18 22:00:01 UTC 2015  Neo4j is running fine.
Sat Apr 18 22:30:01 UTC 2015  Neo4j is running fine.
Sat Apr 18 23:00:01 UTC 2015  Neo4j is running fine.
Sat Apr 18 23:30:01 UTC 2015  Neo4j is running fine.
Sun Apr 19 00:00:01 UTC 2015  Neo4j is running fine.
Sun Apr 19 00:30:01 UTC 2015  Neo4j is running fine.
Sun Apr 19 01:00:01 UTC 2015  Neo4j is running fine.
Sun Apr 19 01:30:01 UTC 2015  Neo4j is running fine.
Sun Apr 19 02:00:01 UTC 2015  Neo4j is running fine.
Sun Apr 19 02:30:01 UTC 2015  Neo4j is running fine.
Sun Apr 19 03:00:01 UTC 2015  Neo4j is running fine.
Sun Apr 19 03:30:01 UTC 2015  Neo4j is running fine.
Sun Apr 19 04:00:01 UTC 2015  Neo4j is running fine.
Sun Apr 19 04:30:01 UTC 2015  Neo4j is running fine.
Sun Apr 19 05:00:01 UTC 2015  Neo4j is running fine.
Sun Apr 19 05:30:04 UTC 2015  Neo4j is running fine.
Sun Apr 19 06:00:01 UTC 2015  Neo4j is running fine.
Sun Apr 19 07:00:01 UTC 2015  Neo4j is NOT running, restarting.
WARNING: Max 1024 open files allowed, minimum of 40 000 recommended. See the Neo4j manual.
Using additional JVM arguments:  -server -XX:+DisableExplicitGC -Dorg.neo4j.server.properties=conf/neo4j-server.properties -Djava.util.logging.config.file=conf/logging.properties -Dlog4j.configuration=file:conf/log4j.properties -XX:+UseConcMarkSweepGC -XX:+CMSClassUnloadingEnabled
Starting Neo4j Server...WARNING: not changing user
process [16138]... waiting for server to be ready.......................... OK.
http://localhost:7474/ is ready.
Sun Apr 19 07:30:01 UTC 2015  Neo4j is running fine.
Sun Apr 19 08:00:01 UTC 2015  Neo4j is running fine.
Sun Apr 19 08:30:01 UTC 2015  Neo4j is running fine.
Sun Apr 19 09:00:01 UTC 2015  Neo4j is running fine.
Sun Apr 19 09:30:01 UTC 2015  Neo4j is running fine.
Sun Apr 19 10:00:01 UTC 2015  Neo4j is running fine.
Sun Apr 19 10:30:01 UTC 2015  Neo4j is running fine.
Sun Apr 19 11:00:01 UTC 2015  Neo4j is running fine.
Sun Apr 19 11:30:01 UTC 2015  Neo4j is running fine.
Sun Apr 19 12:00:01 UTC 2015  Neo4j is running fine.
Sun Apr 19 12:30:01 UTC 2015  Neo4j is running fine.
Sun Apr 19 13:00:01 UTC 2015  Neo4j is running fine.
Sun Apr 19 13:30:01 UTC 2015  Neo4j is running fine.
Sun Apr 19 14:00:01 UTC 2015  Neo4j is running fine.
Sun Apr 19 14:30:01 UTC 2015  Neo4j is running fine.
Sun Apr 19 15:00:01 UTC 2015  Neo4j is running fine.
Sun Apr 19 15:30:01 UTC 2015  Neo4j is running fine.
Sun Apr 19 16:00:01 UTC 2015  Neo4j is running fine.
Sun Apr 19 16:30:01 UTC 2015  Neo4j is running fine.
Sun Apr 19 17:00:01 UTC 2015  Neo4j is running fine.
Sun Apr 19 17:30:01 UTC 2015  Neo4j is running fine.
Sun Apr 19 18:00:01 UTC 2015  Neo4j is running fine.
Sun Apr 19 18:30:01 UTC 2015  Neo4j is running fine.
Sun Apr 19 19:00:01 UTC 2015  Neo4j is running fine.
Sun Apr 19 19:30:01 UTC 2015  Neo4j is running fine.
Sun Apr 19 20:00:02 UTC 2015  Neo4j is running fine.
Sun Apr 19 20:30:01 UTC 2015  Neo4j is running fine.
Sun Apr 19 21:00:01 UTC 2015  Neo4j is running fine.
Sun Apr 19 21:30:01 UTC 2015  Neo4j is running fine.
Sun Apr 19 22:00:01 UTC 2015  Neo4j is running fine.
Sun Apr 19 22:30:01 UTC 2015  Neo4j is running fine.
Sun Apr 19 23:00:01 UTC 2015  Neo4j is running fine.
Sun Apr 19 23:30:01 UTC 2015  Neo4j is running fine.
Mon Apr 20 00:00:01 UTC 2015  Neo4j is running fine.
Mon Apr 20 00:30:01 UTC 2015  Neo4j is running fine.
Mon Apr 20 01:00:01 UTC 2015  Neo4j is running fine.
Mon Apr 20 01:30:01 UTC 2015  Neo4j is running fine.
Mon Apr 20 02:00:01 UTC 2015  Neo4j is running fine.
Mon Apr 20 02:30:01 UTC 2015  Neo4j is running fine.
Mon Apr 20 03:00:01 UTC 2015  Neo4j is running fine.
Mon Apr 20 03:30:01 UTC 2015  Neo4j is running fine.
Mon Apr 20 04:00:01 UTC 2015  Neo4j is running fine.
Mon Apr 20 04:30:01 UTC 2015  Neo4j is running fine.
Mon Apr 20 05:00:01 UTC 2015  Neo4j is running fine.
Mon Apr 20 05:30:01 UTC 2015  Neo4j is running fine.
Mon Apr 20 06:00:01 UTC 2015  Neo4j is running fine.
Mon Apr 20 06:30:01 UTC 2015  Neo4j is running fine.
Mon Apr 20 07:00:01 UTC 2015  Neo4j is running fine.
Mon Apr 20 07:30:01 UTC 2015  Neo4j is running fine.
Mon Apr 20 08:00:01 UTC 2015  Neo4j is running fine.
Mon Apr 20 08:30:01 UTC 2015  Neo4j is running fine.
Mon Apr 20 09:00:01 UTC 2015  Neo4j is running fine.
Mon Apr 20 09:30:01 UTC 2015  Neo4j is running fine.
Mon Apr 20 10:00:01 UTC 2015  Neo4j is running fine.
Mon Apr 20 10:30:01 UTC 2015  Neo4j is running fine.
Mon Apr 20 11:00:01 UTC 2015  Neo4j is running fine.
Mon Apr 20 11:30:01 UTC 2015  Neo4j is running fine.
Mon Apr 20 12:00:01 UTC 2015  Neo4j is running fine.
Mon Apr 20 12:30:01 UTC 2015  Neo4j is running fine.
Mon Apr 20 13:00:01 UTC 2015  Neo4j is running fine.
Mon Apr 20 13:30:01 UTC 2015  Neo4j is running fine.
Mon Apr 20 14:00:01 UTC 2015  Neo4j is running fine.
Mon Apr 20 14:30:01 UTC 2015  Neo4j is running fine.
Mon Apr 20 15:00:01 UTC 2015  Neo4j is running fine.
Mon Apr 20 15:30:01 UTC 2015  Neo4j is running fine.
Mon Apr 20 16:00:01 UTC 2015  Neo4j is running fine.
Mon Apr 20 16:30:01 UTC 2015  Neo4j is running fine.
Mon Apr 20 17:00:01 UTC 2015  Neo4j is running fine.
Mon Apr 20 17:30:01 UTC 2015  Neo4j is running fine.
Mon Apr 20 18:00:01 UTC 2015  Neo4j is running fine.
Mon Apr 20 18:30:01 UTC 2015  Neo4j is running fine.
Mon Apr 20 19:00:01 UTC 2015  Neo4j is running fine.
Mon Apr 20 19:30:01 UTC 2015  Neo4j is running fine.
Mon Apr 20 20:00:01 UTC 2015  Neo4j is running fine.
Mon Apr 20 20:30:01 UTC 2015  Neo4j is running fine.
Mon Apr 20 21:00:01 UTC 2015  Neo4j is running fine.
Mon Apr 20 21:30:01 UTC 2015  Neo4j is running fine.
Mon Apr 20 22:00:01 UTC 2015  Neo4j is running fine.
Mon Apr 20 22:30:01 UTC 2015  Neo4j is running fine.
Mon Apr 20 23:00:01 UTC 2015  Neo4j is running fine.
Mon Apr 20 23:30:01 UTC 2015  Neo4j is running fine.
Tue Apr 21 00:00:01 UTC 2015  Neo4j is running fine.
Tue Apr 21 00:30:01 UTC 2015  Neo4j is running fine.
Tue Apr 21 01:00:01 UTC 2015  Neo4j is running fine.
Tue Apr 21 01:30:01 UTC 2015  Neo4j is running fine.
Tue Apr 21 02:00:01 UTC 2015  Neo4j is running fine.
Tue Apr 21 02:30:01 UTC 2015  Neo4j is running fine.
Tue Apr 21 03:00:01 UTC 2015  Neo4j is running fine.
Tue Apr 21 03:30:01 UTC 2015  Neo4j is running fine.
Tue Apr 21 04:00:01 UTC 2015  Neo4j is running fine.
Tue Apr 21 04:30:01 UTC 2015  Neo4j is running fine.
Tue Apr 21 05:00:01 UTC 2015  Neo4j is running fine.
